#
# A fatal error has been detected by the Java Runtime Environment:
#
#  EXCEPTION_ACCESS_VIOLATION (0xc0000005) at pc=0x00007ffa64a3b3c6, pid=39180, tid=19096
#
# JRE version: Java(TM) SE Runtime Environment (23.0+37) (build 23+37-2369)
# Java VM: Java HotSpot(TM) 64-Bit Server VM (23+37-2369, mixed mode, sharing, tiered, compressed oops, compressed class ptrs, g1 gc, windows-amd64)
# Problematic frame:
# C  [awt.dll+0xdb3c6]
#
# No core dump will be written. Minidumps are not enabled by default on client versions of Windows
#
# If you would like to submit a bug report, please visit:
#   https://bugreport.java.com/bugreport/crash.jsp
# The crash happened outside the Java Virtual Machine in native code.
# See problematic frame for where to report the bug.
#

---------------  S U M M A R Y ------------

Command Line: edu.iastate.cs572.proj2.Checkers

Host: Intel(R) Xeon(R) E-2124G CPU @ 3.40GHz, 4 cores, 31G,  Windows 11 , 64 bit Build 22621 (10.0.22621.4391)
Time: Fri Dec  6 22:42:27 2024 Central Standard Time elapsed time: 31288.605204 seconds (0d 8h 41m 28s)

---------------  T H R E A D  ---------------

Current thread (0x00000286522e0aa0):  JavaThread "AWT-EventQueue-0"        [_thread_in_native, id=19096, stack(0x000000b388500000,0x000000b388600000) (1024K)]

Stack: [0x000000b388500000,0x000000b388600000],  sp=0x000000b3885feba0,  free space=1018k
Native frames: (J=compiled Java code, j=interpreted, Vv=VM code, C=native code)
C  [awt.dll+0xdb3c6]  (no source info available)
C  [awt.dll+0xdcc02]  (no source info available)
C  0x000002863e36d207  (no source info available)

The last pc belongs to native method entry point (kind = native) (printed below).
Java frames: (J=compiled Java code, j=interpreted, Vv=VM code)
j  sun.awt.Win32GraphicsDevice.initNativeScale(I)V+0 java.desktop@23
j  sun.awt.Win32GraphicsDevice.initScaleFactors()V+60 java.desktop@23
j  sun.awt.Win32GraphicsDevice.displayChanged()V+16 java.desktop@23
j  sun.java2d.d3d.D3DGraphicsDevice.displayChanged()V+1 java.desktop@23
j  sun.awt.Win32GraphicsEnvironment.displayChanged()V+271 java.desktop@23
j  sun.awt.windows.WToolkit.lambda$displayChanged$4()V+15 java.desktop@23
j  sun.awt.windows.WToolkit$$Lambda+0x00000286540f3db0.run()V+0 java.desktop@23
J 1025 c1 java.awt.event.InvocationEvent.dispatch()V java.desktop@23 (69 bytes) @ 0x0000028636f7961c [0x0000028636f79400+0x000000000000021c]
j  java.awt.EventQueue.dispatchEventImpl(Ljava/awt/AWTEvent;Ljava/lang/Object;)V+21 java.desktop@23
J 1763 c2 java.awt.EventQueue$4.run()Ljava/lang/Object; java.desktop@23 (5 bytes) @ 0x000002863ea18774 [0x000002863ea18720+0x0000000000000054]
J 1524 c2 java.security.ProtectionDomain$JavaSecurityAccessImpl.doIntersectionPrivilege(Ljava/security/PrivilegedAction;Ljava/security/AccessControlContext;Ljava/security/AccessControlContext;)Ljava/lang/Object; java.base@23 (22 bytes) @ 0x000002863e9b2d5c [0x000002863e9b2ba0+0x00000000000001bc]
j  java.awt.EventQueue.dispatchEvent(Ljava/awt/AWTEvent;)V+46 java.desktop@23
J 1805 c2 java.awt.EventDispatchThread.pumpOneEventForFilters(I)V java.desktop@23 (106 bytes) @ 0x000002863ea30bcc [0x000002863ea30800+0x00000000000003cc]
j  java.awt.EventDispatchThread.pumpEventsForFilter(ILjava/awt/Conditional;Ljava/awt/EventFilter;)V+35 java.desktop@23
j  java.awt.EventDispatchThread.pumpEventsForHierarchy(ILjava/awt/Conditional;Ljava/awt/Component;)V+11 java.desktop@23
j  java.awt.EventDispatchThread.pumpEvents(ILjava/awt/Conditional;)V+4 java.desktop@23
j  java.awt.EventDispatchThread.pumpEvents(Ljava/awt/Conditional;)V+3 java.desktop@23
j  java.awt.EventDispatchThread.run()V+9 java.desktop@23
v  ~StubRoutines::call_stub 0x000002863e360fcd

siginfo: EXCEPTION_ACCESS_VIOLATION (0xc0000005), reading address 0x00003e74696e698c


Registers:
RAX=0x00003e74696e693c, RBX=0x0000028699f431e0, RCX=0x00003e74696e693c, RDX=0x0000000000000000
RSP=0x000000b3885feba0, RBP=0x000000b3885fec80, RSI=0x0000000000000000, RDI=0x0000000000000000
R8 =0x0000000000000001, R9 =0x00000000000000dd, R10=0x000002863e36d1d8, R11=0x0000000000000100
R12=0x0000000000000000, R13=0x0000028694343f90, R14=0x000000b3885feca8, R15=0x00000286522e0aa0
RIP=0x00007ffa64a3b3c6, EFLAGS=0x0000000000010206


Register to memory mapping:

RAX=0x00003e74696e693c is an unknown value
RBX=0x0000028699f431e0 points into unknown readable memory: 0x000002869a0a6b70 | 70 6b 0a 9a 86 02 00 00
RCX=0x00003e74696e693c is an unknown value
RDX=0x0 is null
RSP=0x000000b3885feba0 is pointing into the stack for thread: 0x00000286522e0aa0
RBP=0x000000b3885fec80 is pointing into the stack for thread: 0x00000286522e0aa0
RSI=0x0 is null
RDI=0x0 is null
R8 =0x0000000000000001 is an unknown value
R9 =0x00000000000000dd is an unknown value
R10=0x000002863e36d1d8 is at code_begin+1016 in an Interpreter codelet
native method entry point (kind = native)  [0x000002863e36cde0, 0x000002863e36d938]  2904 bytes
R11=0x0000000000000100 is an unknown value
R12=0x0 is null
R13={method} {0x0000028694343f98} 'initNativeScale' '(I)V' in 'sun/awt/Win32GraphicsDevice'
R14=0x000000b3885feca8 is pointing into the stack for thread: 0x00000286522e0aa0
R15=0x00000286522e0aa0 is a thread

Top of Stack: (sp=0x000000b3885feba0)
0x000000b3885feba0:   00000286946db720 00007ffa623d19ec
0x000000b3885febb0:   0000028699f431e0 0000000000000000
0x000000b3885febc0:   0000028699f431e0 00007ffa64a3cc02
0x000000b3885febd0:   00007ffa64a99838 0000028694343f90
0x000000b3885febe0:   000000b3885fec90 0000028651dcf7d0
0x000000b3885febf0:   000002863e36889a 000002863e36d207
0x000000b3885fec00:   0000028694343f90 0000000000000001
0x000000b3885fec10:   00000286522e0aa0 000002863e36889a
0x000000b3885fec20:   0000000000000000 00007ffa62843c39
0x000000b3885fec30:   000000b3885fed70 fffffffffffffff7
0x000000b3885fec40:   0000000000000000 0000000000000005
0x000000b3885fec50:   0000028694347688 0000000000000000
0x000000b3885fec60:   000000060318a978 0000028694343f90
0x000000b3885fec70:   0000000000000000 000000b3885feca0
0x000000b3885fec80:   000000b3885fecf8 000002863e368700
0x000000b3885fec90:   0000000000000000 000002863e36a5d7
0x000000b3885feca0:   0000000000000000 0000000603073620
0x000000b3885fecb0:   fffffffffffffff7 00000286943445e4
0x000000b3885fecc0:   0000000000000002 0000028694347688
0x000000b3885fecd0:   0000000000000000 000000060318a978
0x000000b3885fece0:   0000028694344630 fffffffffffffff5
0x000000b3885fecf0:   000000b3885fed08 000000b3885fed58
0x000000b3885fed00:   000002863e368700 0000000603073620
0x000000b3885fed10:   fffffffffffffff7 0000028694345ea8
0x000000b3885fed20:   0000000000000003 0000028694347688
0x000000b3885fed30:   0000000000000000 000000060318a978
0x000000b3885fed40:   0000028694345ef0 fffffffffffffff6
0x000000b3885fed50:   000000b3885fed70 000000b3885fedc0
0x000000b3885fed60:   000002863e368700 0000000000000000
0x000000b3885fed70:   0000000603073620 fffffffffffffff7
0x000000b3885fed80:   00000286943425a9 0000000000000002
0x000000b3885fed90:   0000028694347ef0 0000000000000000 

Instructions: (pc=0x00007ffa64a3b3c6)
0x00007ffa64a3b2c6:   11 45 d4 0f 11 45 e4 0f 11 45 f4 89 45 04 c7 45
0x00007ffa64a3b2d6:   a0 68 00 00 00 0f 11 44 24 34 0f 11 44 24 44 0f
0x00007ffa64a3b2e6:   11 44 24 54 0f 11 44 24 64 0f 11 44 24 74 0f 11
0x00007ffa64a3b2f6:   45 84 89 45 94 c7 44 24 30 68 00 00 00 48 8d 55
0x00007ffa64a3b306:   a0 49 8b ce ff 15 08 76 06 00 85 c0 74 41 48 8d
0x00007ffa64a3b316:   54 24 30 48 8b ce ff 15 f6 75 06 00 85 c0 74 2f
0x00007ffa64a3b326:   48 8d 54 24 34 48 8d 4d a4 ff 15 0b 75 06 00 85
0x00007ffa64a3b336:   c0 74 1c 48 8d 54 24 44 48 8d 4d b4 ff 15 f8 74
0x00007ffa64a3b346:   06 00 85 c0 74 09 8b 44 24 54 39 45 c4 74 11 ff
0x00007ffa64a3b356:   c7 3b 7b 0c 0f 8c 40 ff ff ff 8b 3d 1a b0 06 00
0x00007ffa64a3b366:   48 8b cb e8 f2 ca f4 ff 90 8b c7 48 8b 4d 10 48
0x00007ffa64a3b376:   33 cc e8 93 01 01 00 4c 8d 9c 24 20 01 00 00 49
0x00007ffa64a3b386:   8b 5b 28 49 8b 73 30 49 8b e3 41 5e 5f 5d c3 cc
0x00007ffa64a3b396:   cc cc cc cc cc cc cc cc cc cc 48 8b 41 08 48 8b
0x00007ffa64a3b3a6:   80 18 0c 00 00 c3 cc cc cc cc 48 8b 41 08 48 05
0x00007ffa64a3b3b6:   00 04 00 00 c3 cc cc cc cc cc 40 53 48 83 ec 20
0x00007ffa64a3b3c6:   83 79 50 00 48 8b d9 75 56 48 8b 49 28 4c 8d 44
0x00007ffa64a3b3d6:   24 38 48 8d 54 24 30 c7 44 24 30 00 00 80 bf c7
0x00007ffa64a3b3e6:   44 24 38 00 00 80 bf e8 1e e1 00 00 f3 0f 10 54
0x00007ffa64a3b3f6:   24 30 0f 57 c0 0f 2f d0 76 25 f3 0f 10 4c 24 38
0x00007ffa64a3b406:   0f 2f c8 76 1a f3 0f 5e 15 f9 a8 02 00 f3 0f 5e
0x00007ffa64a3b416:   0d f1 a8 02 00 f3 0f 11 53 48 f3 0f 11 4b 4c 48
0x00007ffa64a3b426:   83 c4 20 5b c3 cc cc cc cc cc 48 89 5c 24 10 48
0x00007ffa64a3b436:   89 74 24 18 57 41 56 41 57 48 83 ec 40 48 8b d9
0x00007ffa64a3b446:   48 83 79 18 00 75 14 b9 28 04 00 00 e8 19 97 00
0x00007ffa64a3b456:   00 48 89 43 18 c7 00 28 00 00 00 48 8b 43 18 33
0x00007ffa64a3b466:   ff 66 89 78 0e 48 8b 4b 28 e8 5c 03 00 00 48 8b
0x00007ffa64a3b476:   f0 41 bf 01 00 00 00 45 8b c7 41 8b d7 48 8b c8
0x00007ffa64a3b486:   ff 15 34 71 06 00 4c 8b f0 89 7c 24 30 48 8b 4b
0x00007ffa64a3b496:   18 48 89 4c 24 28 48 89 7c 24 20 45 8b cf 45 33
0x00007ffa64a3b4a6:   c0 48 8b d0 48 8b ce ff 15 2d 70 06 00 48 8b 53
0x00007ffa64a3b4b6:   30 48 8b 0b 8b 05 c4 ae 06 00 83 79 04 08 0f 8e 


Stack slot to memory mapping:

stack at sp + 0 slots: 0x00000286946db720 is pointing into metadata
stack at sp + 1 slots: 0x00007ffa623d19ec jvm.dll
stack at sp + 2 slots: 0x0000028699f431e0 points into unknown readable memory: 0x000002869a0a6b70 | 70 6b 0a 9a 86 02 00 00
stack at sp + 3 slots: 0x0 is null
stack at sp + 4 slots: 0x0000028699f431e0 points into unknown readable memory: 0x000002869a0a6b70 | 70 6b 0a 9a 86 02 00 00
stack at sp + 5 slots: 0x00007ffa64a3cc02 awt.dll
stack at sp + 6 slots: 0x00007ffa64a99838 awt.dll
stack at sp + 7 slots: {method} {0x0000028694343f98} 'initNativeScale' '(I)V' in 'sun/awt/Win32GraphicsDevice'

Lock stack of current Java thread (top to bottom):

native method entry point (kind = native)  [0x000002863e36cde0, 0x000002863e36d938]  2904 bytes
[MachCode]
  0x000002863e36cde0: 488b 4b08 | 0fb7 492e | 584c 8d74 | ccf8 6800 | 0000 0068 | 0000 0000 | 5055 488b | ec41 5568 
  0x000002863e36ce00: 0000 0000 | 4c8b 6b08 | 4d8d 6d38 | 5348 8b53 | 0848 8b52 | 0848 8b52 | 1848 8b52 | 7048 8b12 
  0x000002863e36ce20: 5248 8b53 | 1048 85d2 | 0f84 0700 | 0000 4881 | c210 0100 | 0052 488b | 5308 488b | 5208 488b 
  0x000002863e36ce40: 5210 5249 | 8bc6 482b | c548 c1e8 | 0350 6800 | 0000 0068 | f7ff ffff | 41c6 8771 | 0400 0001 
  0x000002863e36ce60: 488b 4310 | 4885 c074 | 208b 88cc | 0000 0083 | c102 8988 | cc00 0000 | 2388 e000 | 0000 0f84 
  0x000002863e36ce80: 000a 0000 | e9cf 0000 | 0048 8b43 | 1848 85c0 | 0f85 b000 | 0000 e805 | 0000 00e9 | 9900 0000 
  0x000002863e36cea0: 488b d348 | 8d44 2408 | 4c89 6dc0 | 498b cfc5 | f877 4989 | afb0 0300 | 0049 8987 | a003 0000 
  0x000002863e36cec0: 4883 ec20 | 40f6 c40f | 0f84 1900 | 0000 4883 | ec08 48b8 | 9026 5862 | fa7f 0000 | ffd0 4883 
  0x000002863e36cee0: c408 e90c | 0000 0048 | b890 2658 | 62fa 7f00 | 00ff d048 | 83c4 2049 | c787 a003 | 0000 0000 
  0x000002863e36cf00: 0000 49c7 | 87b0 0300 | 0000 0000 | 0049 c787 | a803 0000 | 0000 0000 | c5f8 7749 | 837f 0800 
  0x000002863e36cf20: 0f84 0500 | 0000 e995 | 3fff ff4c | 8b6d c04c | 8b75 c84e | 8d74 f500 | c348 8b43 | 1848 85c0 
  0x000002863e36cf40: 0f84 1200 | 0000 8b48 | 0883 c102 | 8948 0823 | 481c 0f84 | 2c09 0000 | 493b a7e8 | 0400 000f 
  0x000002863e36cf60: 8748 0000 | 0089 8424 | 00f0 ffff | 8984 2400 | e0ff ff89 | 8424 00d0 | ffff 8984 | 2400 c0ff 
  0x000002863e36cf80: ff89 8424 | 00b0 ffff | 8984 2400 | a0ff ff89 | 8424 0090 | ffff 8984 | 2400 80ff | ff49 3ba7 
  0x000002863e36cfa0: e004 0000 | 7607 4989 | a7e8 0400 | 0041 c687 | 7104 0000 | 0049 ba41 | addf 62fa | 7f00 0041 
  0x000002863e36cfc0: 803a 000f | 843e 0000 | 0048 8b55 | e849 8bcf | 4883 ec20 | 40f6 c40f | 0f84 1900 | 0000 4883 
  0x000002863e36cfe0: ec08 48b8 | 00ee 8f62 | fa7f 0000 | ffd0 4883 | c408 e90c | 0000 0048 | b800 ee8f | 62fa 7f00 
  0x000002863e36d000: 00ff d048 | 83c4 2048 | 8b5d e84c | 8b5b 0845 | 0fb7 5b2e | 41c1 e303 | 492b e348 | 83ec 2048 
  0x000002863e36d020: 83e4 f04c | 8b5b 604d | 85db 0f85 | ab00 0000 | e805 0000 | 00e9 9900 | 0000 488b | d348 8d44 
  0x000002863e36d040: 2408 4c89 | 6dc0 498b | cfc5 f877 | 4989 afb0 | 0300 0049 | 8987 a003 | 0000 4883 | ec20 40f6 
  0x000002863e36d060: c40f 0f84 | 1900 0000 | 4883 ec08 | 48b8 f04d | 5862 fa7f | 0000 ffd0 | 4883 c408 | e90c 0000 
  0x000002863e36d080: 0048 b8f0 | 4d58 62fa | 7f00 00ff | d048 83c4 | 2049 c787 | a003 0000 | 0000 0000 | 49c7 87b0 
  0x000002863e36d0a0: 0300 0000 | 0000 0049 | c787 a803 | 0000 0000 | 0000 c5f8 | 7749 837f | 0800 0f84 | 0500 0000 
  0x000002863e36d0c0: e9fb 3dff | ff4c 8b6d | c04c 8b75 | c84e 8d74 | f500 c348 | 8b5d e84c | 8b5b 6041 | ffd3 488b 
  0x000002863e36d0e0: 5de8 4889 | 4518 448b | 5b28 41f6 | c308 0f84 | 1b00 0000 | 4c8b 5b08 | 4d8b 5b08 | 4d8b 5b18 
  0x000002863e36d100: 4d8b 5b70 | 4d8b 1b4c | 895d 1048 | 8d55 1048 | 8b43 5849 | ba50 3c90 | 62fa 7f00 | 0049 3bc2 
  0x000002863e36d120: 0f85 ab00 | 0000 e805 | 0000 00e9 | 9900 0000 | 488b d348 | 8d44 2408 | 4c89 6dc0 | 498b cfc5 
  0x000002863e36d140: f877 4989 | afb0 0300 | 0049 8987 | a003 0000 | 4883 ec20 | 40f6 c40f | 0f84 1900 | 0000 4883 
  0x000002863e36d160: ec08 48b8 | f04d 5862 | fa7f 0000 | ffd0 4883 | c408 e90c | 0000 0048 | b8f0 4d58 | 62fa 7f00 
  0x000002863e36d180: 00ff d048 | 83c4 2049 | c787 a003 | 0000 0000 | 0000 49c7 | 87b0 0300 | 0000 0000 | 0049 c787 
  0x000002863e36d1a0: a803 0000 | 0000 0000 | c5f8 7749 | 837f 0800 | 0f84 0500 | 0000 e905 | 3dff ff4c | 8b6d c04c 
  0x000002863e36d1c0: 8b75 c84e | 8d74 f500 | c348 8b5d | e848 8b43 | 5849 8d8f | c003 0000 | c5f8 7749 | 89af b003 
  0x000002863e36d1e0: 0000 49ba | d8d1 363e | 8602 0000 | 4d89 97a8 | 0300 0049 | 89a7 a003 | 0000 41c7 | 8744 0400 
  0x000002863e36d200: 0004 0000 | 00ff d0c5 | f877 4883 | ec10 c5fb | 1104 2448 | 83ec 1048 | 8904 2448 | c744 2408 
  0x000002863e36d220: 0000 0000 | 41c7 8744 | 0400 0005 | 0000 00f0 | 8344 24c0 | 0049 3baf | 4804 0000 | 0f87 0e00 
  0x000002863e36d240: 0000 4183 | bf40 0400 | 0000 0f84 | 2000 0000 | 498b cf4c | 8be4 4883 | ec20 4883 | e4f0 48b8 
  0x000002863e36d260: 90a9 5962 | fa7f 0000 | ffd0 498b | e44d 33e4 | 41c7 8744 | 0400 0008 | 0000 0049 | c787 a003 
  0x000002863e36d280: 0000 0000 | 0000 49c7 | 87b0 0300 | 0000 0000 | 0049 c787 | a803 0000 | 0000 0000 | c5f8 774d 
  0x000002863e36d2a0: 8b9f 3004 | 0000 41c7 | 8300 0100 | 0000 0000 | 0049 bbda | a536 3e86 | 0200 004c | 3b5d 180f 
  0x000002863e36d2c0: 8524 0200 | 0048 8b04 | 2448 83c4 | 1048 85c0 | 0f84 fe01 | 0000 a803 | 0f85 0800 | 0000 488b 
  0x000002863e36d2e0: 00e9 ee01 | 0000 a801 | 0f85 0900 | 0000 488b | 40fe e9dd | 0100 0048 | 8b40 ff41 | 807f 3800 
  0x000002863e36d300: 0f84 ce01 | 0000 4883 | f800 0f84 | c401 0000 | 4d8b 5f28 | 4983 fb00 | 0f84 1400 | 0000 4983 
  0x000002863e36d320: eb08 4d89 | 5f28 4d03 | 5f30 4989 | 03e9 a201 | 0000 4881 | ecd0 0000 | 0048 8904 | 2448 894c 
  0x000002863e36d340: 2408 4889 | 5424 1048 | 8974 2418 | 4889 7c24 | 204c 8944 | 2428 4c89 | 4c24 304c | 8954 2438 
  0x000002863e36d360: 4c89 5c24 | 40c5 fb11 | 4424 50c5 | fb11 4c24 | 58c5 fb11 | 5424 60c5 | fb11 5c24 | 68c5 fb11 
  0x000002863e36d380: 6424 70c5 | fb11 6c24 | 78c5 fb11 | b424 8000 | 0000 c5fb | 11bc 2488 | 0000 00c5 | 7b11 8424 
  0x000002863e36d3a0: 9000 0000 | c57b 118c | 2498 0000 | 00c5 7b11 | 9424 a000 | 0000 c57b | 119c 24a8 | 0000 00c5 
  0x000002863e36d3c0: 7b11 a424 | b000 0000 | c57b 11ac | 24b8 0000 | 00c5 7b11 | b424 c000 | 0000 c57b | 11bc 24c8 
  0x000002863e36d3e0: 0000 0049 | 8bd7 488b | c848 83ec | 2040 f6c4 | 0f0f 8419 | 0000 0048 | 83ec 0848 | b8e0 074d 
  0x000002863e36d400: 62fa 7f00 | 00ff d048 | 83c4 08e9 | 0c00 0000 | 48b8 e007 | 4d62 fa7f | 0000 ffd0 | 4883 c420 
  0x000002863e36d420: c57b 10bc | 24c8 0000 | 00c5 7b10 | b424 c000 | 0000 c57b | 10ac 24b8 | 0000 00c5 | 7b10 a424 
  0x000002863e36d440: b000 0000 | c57b 109c | 24a8 0000 | 00c5 7b10 | 9424 a000 | 0000 c57b | 108c 2498 | 0000 00c5 
  0x000002863e36d460: 7b10 8424 | 9000 0000 | c5fb 10bc | 2488 0000 | 00c5 fb10 | b424 8000 | 0000 c5fb | 106c 2478 
  0x000002863e36d480: c5fb 1064 | 2470 c5fb | 105c 2468 | c5fb 1054 | 2460 c5fb | 104c 2458 | c5fb 1044 | 2450 4c8b 
  0x000002863e36d4a0: 5c24 404c | 8b54 2438 | 4c8b 4c24 | 304c 8b44 | 2428 488b | 7c24 2048 | 8b74 2418 | 488b 5424 
  0x000002863e36d4c0: 1048 8b4c | 2408 488b | 0424 4881 | c4d0 0000 | 00c5 f877 | 4889 4510 | 4883 ec10 | 4889 0424 
  0x000002863e36d4e0: 48c7 4424 | 0800 0000 | 0041 83bf | c804 0000 | 020f 85bf | 0000 0048 | 81ec 8000 | 0000 4889 
  0x000002863e36d500: 4424 7848 | 894c 2470 | 4889 5424 | 6848 895c | 2460 4889 | 6c24 5048 | 8974 2448 | 4889 7c24 
  0x000002863e36d520: 404c 8944 | 2438 4c89 | 4c24 304c | 8954 2428 | 4c89 5c24 | 204c 8964 | 2418 4c89 | 6c24 104c 
  0x000002863e36d540: 8974 2408 | 4c89 3c24 | 4c8b e448 | 83ec 2048 | 83e4 f048 | b8b0 2290 | 62fa 7f00 | 00ff d049 
  0x000002863e36d560: 8be4 4c8b | 3c24 4c8b | 7424 084c | 8b6c 2410 | 4c8b 6424 | 184c 8b5c | 2420 4c8b | 5424 284c 
  0x000002863e36d580: 8b4c 2430 | 4c8b 4424 | 3848 8b7c | 2440 488b | 7424 4848 | 8b6c 2450 | 488b 5c24 | 6048 8b54 
  0x000002863e36d5a0: 2468 488b | 4c24 7048 | 8b44 2478 | 4881 c480 | 0000 004d | 33e4 488b | 5de8 4c8b | 6b08 4d8d 
  0x000002863e36d5c0: 6d38 4983 | 7f08 000f | 84bb 0000 | 00e8 0500 | 0000 e996 | 0000 0048 | 8d44 2408 | 4c89 6dc0 
  0x000002863e36d5e0: 498b cfc5 | f877 4989 | afb0 0300 | 0049 8987 | a003 0000 | 4883 ec20 | 40f6 c40f | 0f84 1900 
  0x000002863e36d600: 0000 4883 | ec08 48b8 | 006c 5862 | fa7f 0000 | ffd0 4883 | c408 e90c | 0000 0048 | b800 6c58 
  0x000002863e36d620: 62fa 7f00 | 00ff d048 | 83c4 2049 | c787 a003 | 0000 0000 | 0000 49c7 | 87b0 0300 | 0000 0000 
  0x000002863e36d640: 0049 c787 | a803 0000 | 0000 0000 | c5f8 7749 | 837f 0800 | 0f84 0500 | 0000 e961 | 38ff ff4c 
  0x000002863e36d660: 8b6d c04c | 8b75 c84e | 8d74 f500 | c348 b940 | d5b7 62fa | 7f00 0048 | 83e4 f048 | b860 4a7e 
  0x000002863e36d680: 62fa 7f00 | 00ff d0f4 | 448b 5b28 | 41f6 c320 | 0f84 7901 | 0000 488d | 55a8 4c8b | 5a08 4d85 
  0x000002863e36d6a0: db0f 85bb | 0000 00e8 | 0500 0000 | e996 0000 | 0048 8d44 | 2408 4c89 | 6dc0 498b | cfc5 f877 
  0x000002863e36d6c0: 4989 afb0 | 0300 0049 | 8987 a003 | 0000 4883 | ec20 40f6 | c40f 0f84 | 1900 0000 | 4883 ec08 
  0x000002863e36d6e0: 48b8 306b | 5862 fa7f | 0000 ffd0 | 4883 c408 | e90c 0000 | 0048 b830 | 6b58 62fa | 7f00 00ff 
  0x000002863e36d700: d048 83c4 | 2049 c787 | a003 0000 | 0000 0000 | 49c7 87b0 | 0300 0000 | 0000 0049 | c787 a803 
  0x000002863e36d720: 0000 0000 | 0000 c5f8 | 7749 837f | 0800 0f84 | 0500 0000 | e987 37ff | ff4c 8b6d | c04c 8b75 
  0x000002863e36d740: c84e 8d74 | f500 c348 | b940 d5b7 | 62fa 7f00 | 0048 83e4 | f048 b860 | 4a7e 62fa | 7f00 00ff 
  0x000002863e36d760: d0f4 4c89 | 6dc0 4c8b | 4a08 48c7 | 4208 0000 | 0000 458b | 8718 0600 | 004f 3b4c | 07f8 0f85 
  0x000002863e36d780: 4900 0000 | 4183 af18 | 0600 0008 | 4f3b 4c07 | f00f 842a | 0000 0049 | 8b01 a802 | 0f85 1200 
  0x000002863e36d7a0: 0000 4c8b | c049 83c8 | 01f0 4d0f | b101 0f84 | 0d00 0000 | 4183 8718 | 0600 0008 | e90c 0000 
  0x000002863e36d7c0: 0049 ff8f | 5005 0000 | e93e 0000 | 004c 894a | 0848 8bca | 4883 ec20 | 40f6 c40f | 0f84 1900 
  0x000002863e36d7e0: 0000 4883 | ec08 48b8 | f03d 5862 | fa7f 0000 | ffd0 4883 | c408 e90c | 0000 0048 | b8f0 3d58 
  0x000002863e36d800: 62fa 7f00 | 00ff d048 | 83c4 204c | 8b6d c049 | ba41 addf | 62fa 7f00 | 0041 803a | 000f 843e 
  0x000002863e36d820: 0000 0048 | 8b55 e849 | 8bcf 4883 | ec20 40f6 | c40f 0f84 | 1900 0000 | 4883 ec08 | 48b8 00ee 
  0x000002863e36d840: 8f62 fa7f | 0000 ffd0 | 4883 c408 | e90c 0000 | 0048 b800 | ee8f 62fa | 7f00 00ff | d048 83c4 
  0x000002863e36d860: 2048 8b04 | 2448 83c4 | 10c5 fb10 | 0424 4883 | c410 4c8b | 5d18 41ff | d34c 8b5d | f8c9 5f49 
  0x000002863e36d880: 8be3 ffe7 | ba00 0000 | 00e8 0500 | 0000 e996 | 0000 0048 | 8d44 2408 | 4c89 6dc0 | 498b cfc5 
  0x000002863e36d8a0: f877 4989 | afb0 0300 | 0049 8987 | a003 0000 | 4883 ec20 | 40f6 c40f | 0f84 1900 | 0000 4883 
  0x000002863e36d8c0: ec08 48b8 | a031 5862 | fa7f 0000 | ffd0 4883 | c408 e90c | 0000 0048 | b8a0 3158 | 62fa 7f00 
  0x000002863e36d8e0: 00ff d048 | 83c4 2049 | c787 a003 | 0000 0000 | 0000 49c7 | 87b0 0300 | 0000 0000 | 0049 c787 
  0x000002863e36d900: a803 0000 | 0000 0000 | c5f8 7749 | 837f 0800 | 0f84 0500 | 0000 e9a5 | 35ff ff4c | 8b6d c04c 
  0x000002863e36d920: 8b75 c84e | 8d74 f500 | c348 8b5d | e8e9 26f6 | ffff 660f | 1f44 0000 
[/MachCode]

Compiled method (c1) 31311345 1025   !   3       java.awt.event.InvocationEvent::dispatch (69 bytes)
 total in heap  [0x0000028636f79288,0x0000028636f79a80] = 2040
 relocation     [0x0000028636f79360,0x0000028636f793f0] = 144
 main code      [0x0000028636f79400,0x0000028636f79a10] = 1552
 stub code      [0x0000028636f79a10,0x0000028636f79a78] = 104
 metadata       [0x0000028636f79a78,0x0000028636f79a80] = 8
 immutable data [0x00000286523185a0,0x0000028652318748] = 424
 dependencies   [0x00000286523185a0,0x00000286523185a8] = 8
 nul chk table  [0x00000286523185a8,0x00000286523185c0] = 24
 handler table  [0x00000286523185c0,0x0000028652318650] = 144
 scopes pcs     [0x0000028652318650,0x00000286523186f0] = 160
 scopes data    [0x00000286523186f0,0x0000028652318748] = 88

[Constant Pool (empty)]

[MachCode]
[Instructions begin]
  0x0000028636f79400: 6666 660f | 1f84 0000 | 0000 0066 | 6666 9066 | 6690 448b | 5208 443b 

  0x0000028636f79418: ;   {runtime_call ic_miss_stub}
  0x0000028636f79418: 5008 0f85 | c050 4307 
[Verified Entry Point]
  0x0000028636f79420: 8984 2400 | 80ff ff55 | 4883 ec30 | 4181 7f20 | 0100 0000 

  0x0000028636f79434: ;   {runtime_call StubRoutines (final stubs)}
  0x0000028636f79434: 7405 e805 | e341 0748 | 8954 2418 

  0x0000028636f79440: ;   {metadata(method data for {method} {0x00000286943f6fc0} 'dispatch' '()V' in 'java/awt/event/InvocationEvent')}
  0x0000028636f79440: 48be 3812 | 6494 8602 | 0000 8bbe | cc00 0000 | 83c7 0289 | becc 0000 | 0081 e7fe | 0700 0085 
  0x0000028636f79460: ff0f 84c7 | 0400 000f | be72 2985 

  0x0000028636f7946c: ;   {metadata(method data for {method} {0x00000286943f6fc0} 'dispatch' '()V' in 'java/awt/event/InvocationEvent')}
  0x0000028636f7946c: f648 be38 | 1264 9486 | 0200 00bf | 1801 0000 | 7405 bf28 | 0100 0048 | 8b1c 3e48 | 8d5b 0148 
  0x0000028636f7948c: 891c 3e0f | 84d1 0000 | 008b 722c | 48c1 e603 

  0x0000028636f7949c: ; implicit exception: dispatches to 0x0000028636f7994f
  0x0000028636f7949c: 483b 0648 

  0x0000028636f794a0: ;   {metadata(method data for {method} {0x00000286943f6fc0} 'dispatch' '()V' in 'java/awt/event/InvocationEvent')}
  0x0000028636f794a0: 8bfe 48bb | 3812 6494 | 8602 0000 | 8b7f 0849 | ba00 0000 | 5386 0200 | 0049 03fa | 483b bb40 
  0x0000028636f794c0: 0100 0075 | 0d48 8383 | 4801 0000 | 01e9 6000 | 0000 483b | bb50 0100 | 0075 0d48 | 8383 5801 
  0x0000028636f794e0: 0000 01e9 | 4a00 0000 | 4883 bb40 | 0100 0000 | 7517 4889 | bb40 0100 | 0048 c783 | 4801 0000 
  0x0000028636f79500: 0100 0000 | e929 0000 | 0048 83bb | 5001 0000 | 0075 1748 | 89bb 5001 | 0000 48c7 | 8358 0100 
  0x0000028636f79520: 0001 0000 | 00e9 0800 | 0000 4883 | 8338 0100 | 0001 488b | d648 b880 | d52d 5286 

  0x0000028636f7953c: ;   {virtual_call}
  0x0000028636f7953c: 0200 00e8 

  0x0000028636f79540: ; ImmutableOopMap {[24]=Oop }
                      ;*invokeinterface run {reexecute=0 rethrow=0 return_oop=0}
                      ; - java.awt.event.InvocationEvent::dispatch@11 (line 308)
  0x0000028636f79540: 9c55 4307 

  0x0000028636f79544: ;   {other}
  0x0000028636f79544: 0f1f 8400 | bc02 0000 

  0x0000028636f7954c: ;   {metadata(method data for {method} {0x00000286943f6fc0} 'dispatch' '()V' in 'java/awt/event/InvocationEvent')}
  0x0000028636f7954c: 48ba 3812 | 6494 8602 | 0000 ff82 | 6801 0000 | 488b 5424 | 18e9 1f03 | 0000 8b72 | 2c48 c1e6 
  0x0000028636f7956c: 0348 3b06 

  0x0000028636f79570: ;   {metadata(method data for {method} {0x00000286943f6fc0} 'dispatch' '()V' in 'java/awt/event/InvocationEvent')}
  0x0000028636f79570: 488b fe48 | bb38 1264 | 9486 0200 | 008b 7f08 | 49ba 0000 | 0053 8602 | 0000 4903 | fa48 3bbb 
  0x0000028636f79590: 2002 0000 | 750d 4883 | 8328 0200 | 0001 e960 | 0000 0048 | 3bbb 3002 | 0000 750d | 4883 8338 
  0x0000028636f795b0: 0200 0001 | e94a 0000 | 0048 83bb | 2002 0000 | 0075 1748 | 89bb 2002 | 0000 48c7 | 8328 0200 
  0x0000028636f795d0: 0001 0000 | 00e9 2900 | 0000 4883 | bb30 0200 | 0000 7517 | 4889 bb30 | 0200 0048 | c783 3802 
  0x0000028636f795f0: 0000 0100 | 0000 e908 | 0000 0048 | 8383 1802 | 0000 0148 | 8bd6 0f1f | 8000 0000 | 0048 b8a8 
  0x0000028636f79610: d52d 5286 

  0x0000028636f79614: ;   {virtual_call}
  0x0000028636f79614: 0200 00e8 

  0x0000028636f79618: ; ImmutableOopMap {[24]=Oop }
                      ;*invokeinterface run {reexecute=0 rethrow=0 return_oop=0}
                      ; - java.awt.event.InvocationEvent::dispatch@47 (line 318)
  0x0000028636f79618: 742b 5007 

  0x0000028636f7961c: ;   {other}
  0x0000028636f7961c: 0f1f 8400 | 9403 0001 | 488b 5424 | 18e9 5702 | 0000 498b | 8700 0500 | 004d 33d2 | 4d89 9700 
  0x0000028636f7963c: 0500 004d | 33d2 4d89 | 9708 0500 | 0048 85c0 

  0x0000028636f7964c: ;   {metadata(method data for {method} {0x00000286943f6fc0} 'dispatch' '()V' in 'java/awt/event/InvocationEvent')}
  0x0000028636f7964c: 48be 3812 | 6494 8602 | 0000 750c | 808e 7901 | 0000 01e9 | af00 0000 | 8b78 0849 | ba00 0000 
  0x0000028636f7966c: 5386 0200 | 0049 03fa | 483b be88 | 0100 0075 | 0d48 8386 | 9001 0000 | 01e9 6000 | 0000 483b 
  0x0000028636f7968c: be98 0100 | 0075 0d48 | 8386 a001 | 0000 01e9 | 4a00 0000 | 4883 be88 | 0100 0000 | 7517 4889 
  0x0000028636f796ac: be88 0100 | 0048 c786 | 9001 0000 | 0100 0000 | e929 0000 | 0048 83be | 9801 0000 | 0075 1748 
  0x0000028636f796cc: 89be 9801 | 0000 48c7 | 86a0 0100 | 0001 0000 | 00e9 0800 | 0000 4883 | 8680 0100 

  0x0000028636f796e8: ;   {metadata('java/lang/Exception')}
  0x0000028636f796e8: 0001 48bf | b8e5 1653 | 8602 0000 | 8b70 0849 | ba00 0000 | 5386 0200 | 0049 03f2 | 483b 7e40 
  0x0000028636f79708: 0f85 0500 | 0000 e905 | 0000 004d | 33c0 eb06 | 41b8 0100 | 0000 4585 

  0x0000028636f79720: ;   {metadata(method data for {method} {0x00000286943f6fc0} 'dispatch' '()V' in 'java/awt/event/InvocationEvent')}
  0x0000028636f79720: c049 b838 | 1264 9486 | 0200 00ba | b001 0000 | 7405 bac0 | 0100 0049 | 8b34 1048 | 8d76 0149 
  0x0000028636f79740: 8934 1048 | 8b54 2418 | 0f84 f900 | 0000 4885 

  0x0000028636f79750: ;   {metadata(method data for {method} {0x00000286943f6fc0} 'dispatch' '()V' in 'java/awt/event/InvocationEvent')}
  0x0000028636f79750: c048 bf38 | 1264 9486 | 0200 0075 | 0c80 8fc9 | 0100 0001 | e9af 0000 | 008b 5808 | 49ba 0000 
  0x0000028636f79770: 0053 8602 | 0000 4903 | da48 3b9f | d801 0000 | 750d 4883 | 87e0 0100 | 0001 e960 | 0000 0048 
  0x0000028636f79790: 3b9f e801 | 0000 750d | 4883 87f0 | 0100 0001 | e94a 0000 | 0048 83bf | d801 0000 | 0075 1748 
  0x0000028636f797b0: 899f d801 | 0000 48c7 | 87e0 0100 | 0001 0000 | 00e9 2900 | 0000 4883 | bfe8 0100 | 0000 7517 
  0x0000028636f797d0: 4889 9fe8 | 0100 0048 | c787 f001 | 0000 0100 | 0000 e908 | 0000 0048 | 8387 d001 

  0x0000028636f797ec: ;   {metadata('java/lang/Exception')}
  0x0000028636f797ec: 0000 0148 | bbb8 e516 | 5386 0200 | 008b 7808 | 49ba 0000 | 0053 8602 | 0000 4903 | fa48 3b5f 
  0x0000028636f7980c: 400f 8546 | 0100 00e9 | 0000 0000 | 4c8b c041 | 0fbe 7738 | 85f6 0f85 | 3a01 0000 | 4d8b d049 
  0x0000028636f7982c: c1ea 0344 | 8952 3848 | 8bf2 4933 | f048 c1ee | 1648 83fe | 000f 853a | 0100 0045 | 0fbe 4738 
  0x0000028636f7984c: 4585 c00f | 8544 0100 | 004c 8bd0 | 49c1 ea03 | 4489 523c | 4c8b c24c | 33c0 49c1 | e816 4983 
  0x0000028636f7986c: f800 0f85 | 4501 0000 

  0x0000028636f79874: ;   {metadata(method data for {method} {0x00000286943f6fc0} 'dispatch' '()V' in 'java/awt/event/InvocationEvent')}
  0x0000028636f79874: 49b8 3812 | 6494 8602 | 0000 41ff | 8000 0200 | 004c 8bc2 

  0x0000028636f79888: ;   {metadata(method data for {method} {0x00000286943f6fc0} 'dispatch' '()V' in 'java/awt/event/InvocationEvent')}
  0x0000028636f79888: 48be 3812 | 6494 8602 | 0000 4883 | 8648 0200 | 0001 41b8 | 0100 0000 | 0f1f 8000 

  0x0000028636f798a4: ;   {optimized virtual_call}
  0x0000028636f798a4: 0000 00e8 

  0x0000028636f798a8: ; ImmutableOopMap {}
                      ;*invokevirtual finishedDispatching {reexecute=0 rethrow=0 return_oop=0}
                      ; - java.awt.event.InvocationEvent::dispatch@54 (line 321)
  0x0000028636f798a8: b488 0100 

  0x0000028636f798ac: ;   {other}
  0x0000028636f798ac: 0f1f 8400 | 2406 0002 

  0x0000028636f798b4: ;   {metadata(method data for {method} {0x00000286943f6fc0} 'dispatch' '()V' in 'java/awt/event/InvocationEvent')}
  0x0000028636f798b4: 48b8 3812 | 6494 8602 | 0000 ff80 | 7802 0000 | 4883 c430 

  0x0000028636f798c8: ;   {poll_return}
  0x0000028636f798c8: 5d49 3ba7 | 4804 0000 | 0f87 fb00 | 0000 c348 | 8b54 2418 | 498b 8700 | 0500 004d | 33d2 4d89 
  0x0000028636f798e8: 9700 0500 | 004d 33d2 | 4d89 9708 | 0500 004c 

  0x0000028636f798f8: ;   {metadata(method data for {method} {0x00000286943f6fc0} 'dispatch' '()V' in 'java/awt/event/InvocationEvent')}
  0x0000028636f798f8: 8bc2 48be | 3812 6494 | 8602 0000 | 4883 8690 | 0200 0001 | 41b8 0100 | 0000 4889 

  0x0000028636f79914: ;   {optimized virtual_call}
  0x0000028636f79914: 4424 20e8 

  0x0000028636f79918: ; ImmutableOopMap {[32]=Oop }
                      ;*invokevirtual finishedDispatching {reexecute=0 rethrow=0 return_oop=0}
                      ; - java.awt.event.InvocationEvent::dispatch@63 (line 321)
  0x0000028636f79918: c44e 4307 

  0x0000028636f7991c: ;   {other}
  0x0000028636f7991c: 0f1f 8400 | 9406 0003 | 488b 4424 | 20e9 d600 

  0x0000028636f7992c: ;   {metadata({method} {0x00000286943f6fc0} 'dispatch' '()V' in 'java/awt/event/InvocationEvent')}
  0x0000028636f7992c: 0000 49ba | b86f 3f94 | 8602 0000 | 4c89 5424 | 0848 c704 | 24ff ffff 

  0x0000028636f79944: ;   {runtime_call counter_overflow Runtime1 stub}
  0x0000028636f79944: ffe8 1616 

  0x0000028636f79948: ; ImmutableOopMap {rdx=Oop [24]=Oop }
                      ;*synchronization entry
                      ; - java.awt.event.InvocationEvent::dispatch@-1 (line 306)
  0x0000028636f79948: 5007 e918 

  0x0000028636f7994c: ;   {runtime_call throw_null_pointer_exception Runtime1 stub}
  0x0000028636f7994c: fbff ffe8 

  0x0000028636f79950: ; ImmutableOopMap {rdx=Oop rsi=Oop [24]=Oop }
                      ;*invokeinterface run {reexecute=0 rethrow=0 return_oop=0}
                      ; - java.awt.event.InvocationEvent::dispatch@11 (line 308)
  0x0000028636f79950: 0c69 4f07 

  0x0000028636f79954: ;   {runtime_call throw_null_pointer_exception Runtime1 stub}
  0x0000028636f79954: e807 694f 

  0x0000028636f79958: ; ImmutableOopMap {rdx=Oop rsi=Oop [24]=Oop }
                      ;*invokeinterface run {reexecute=0 rethrow=0 return_oop=0}
                      ; - java.awt.event.InvocationEvent::dispatch@47 (line 318)
  0x0000028636f79958: 0748 8904 

  0x0000028636f7995c: ;   {runtime_call throw_class_cast_exception Runtime1 stub}
  0x0000028636f7995c: 24e8 fe8c 

  0x0000028636f79960: ; ImmutableOopMap {rax=Oop rdx=Oop [24]=Oop }
                      ;*checkcast {reexecute=0 rethrow=0 return_oop=0}
                      ; - java.awt.event.InvocationEvent::dispatch@29 (line 312)
  0x0000028636f79960: 4f07 8b72 | 3848 c1e6 | 0348 83fe | 000f 84b5 | feff ff48 

  0x0000028636f79974: ;   {runtime_call g1_pre_barrier_slow}
  0x0000028636f79974: 8934 24e8 | e41b 5007 | e9a7 feff | ff49 83f8 | 000f 84bc | feff ff48 

  0x0000028636f7998c: ;   {runtime_call g1_post_barrier_slow}
  0x0000028636f7998c: 8914 24e8 | cc1e 5007 | e9ae feff | ff44 8b42 | 3c49 c1e0 | 0349 83f8 | 000f 84aa | feff ff4c 
  0x0000028636f799ac: ;   {runtime_call g1_pre_barrier_slow}
  0x0000028636f799ac: 8904 24e8 | ac1b 5007 | e99c feff | ff48 83f8 | 000f 84b1 | feff ff48 

  0x0000028636f799c4: ;   {runtime_call g1_post_barrier_slow}
  0x0000028636f799c4: 8914 24e8 | 941e 5007 | e9a3 feff 

  0x0000028636f799d0: ;   {internal_word}
  0x0000028636f799d0: ff49 bac9 | 98f7 3686 | 0200 004d | 8997 6004 

  0x0000028636f799e0: ;   {runtime_call SafepointBlob}
  0x0000028636f799e0: 0000 e9f9 | b943 0749 | 8b87 0005 | 0000 49c7 | 8700 0500 | 0000 0000 | 0049 c787 | 0805 0000 
  0x0000028636f79a00: 0000 0000 | 4883 c430 

  0x0000028636f79a08: ;   {runtime_call unwind_exception Runtime1 stub}
  0x0000028636f79a08: 5de9 5259 | 4f07 f4f4 
[Stub Code]
  0x0000028636f79a10: ;   {no_reloc}
  0x0000028636f79a10: 0f1f 4400 

  0x0000028636f79a14: ;   {static_stub}
  0x0000028636f79a14: 0048 bb00 | 0000 0000 

  0x0000028636f79a1c: ;   {runtime_call nmethod}
  0x0000028636f79a1c: 0000 00e9 | fbff ffff 

  0x0000028636f79a24: ;   {static_stub}
  0x0000028636f79a24: 9048 bb00 | 0000 0000 

  0x0000028636f79a2c: ;   {runtime_call nmethod}
  0x0000028636f79a2c: 0000 00e9 | fbff ffff 

  0x0000028636f79a34: ;   {static_stub}
  0x0000028636f79a34: 48bb b873 | 3f94 8602 

  0x0000028636f79a3c: ;   {runtime_call I2C/C2I adapters}
  0x0000028636f79a3c: 0000 e973 

  0x0000028636f79a40: ;   {runtime_call handle_exception_from_callee Runtime1 stub}
  0x0000028636f79a40: a043 07e8 | 1886 4f07 

  0x0000028636f79a48: ;   {external_word}
  0x0000028636f79a48: 48b9 40d5 | b762 fa7f | 0000 4883 

  0x0000028636f79a54: ;   {runtime_call}
  0x0000028636f79a54: e4f0 48b8 | 604a 7e62 | fa7f 0000 

  0x0000028636f79a60: ;   {section_word}
  0x0000028636f79a60: ffd0 f449 | ba63 9af7 | 3686 0200 

  0x0000028636f79a6c: ;   {runtime_call DeoptimizationBlob}
  0x0000028636f79a6c: 0041 52e9 | 0cac 4307 | f4f4 f4f4 
[/MachCode]


Compiled method (c2) 31313064 1763       4       java.awt.EventQueue$4::run (5 bytes)
 total in heap  [0x000002863ea18608,0x000002863ea18830] = 552
 relocation     [0x000002863ea186e0,0x000002863ea18710] = 48
 main code      [0x000002863ea18720,0x000002863ea187f0] = 208
 stub code      [0x000002863ea187f0,0x000002863ea18818] = 40
 metadata       [0x000002863ea18818,0x000002863ea18830] = 24
 immutable data [0x000002869a18bd30,0x000002869a18bde0] = 176
 dependencies   [0x000002869a18bd30,0x000002869a18bd40] = 16
 nul chk table  [0x000002869a18bd40,0x000002869a18bd50] = 16
 handler table  [0x000002869a18bd50,0x000002869a18bd68] = 24
 scopes pcs     [0x000002869a18bd68,0x000002869a18bdb8] = 80
 scopes data    [0x000002869a18bdb8,0x000002869a18bde0] = 40

[Constant Pool (empty)]

[MachCode]
[Instructions begin]
  0x000002863ea18720: 6690 448b | 5208 443b 

  0x000002863ea18728: ;   {runtime_call ic_miss_stub}
  0x000002863ea18728: 5008 0f85 | b05d 99ff 
[Verified Entry Point]
  0x000002863ea18730: 8984 2400 | 80ff ff55 | 4883 ec20 | 4181 7f20 | 0100 0000 | 0f85 9800 | 0000 448b | 5214 478b 
  0x000002863ea18750: 44d4 4c45 | 85c0 7539 | 448b 4a10 | 448b 5a0c | 4b8d 14d4 | 4d8b c349 | c1e0 0349 

  0x000002863ea1876c: ;   {optimized virtual_call}
  0x000002863ea1876c: c1e1 03e8 

  0x000002863ea18770: ; ImmutableOopMap {}
                      ;*invokevirtual dispatchEventImpl {reexecute=0 rethrow=0 return_oop=0}
                      ; - java.awt.EventQueue$4::run@32 (line 720)
                      ; - java.awt.EventQueue$4::run@1 (line 714)
  0x000002863ea18770: 7c00 0000 

  0x000002863ea18774: ;   {other}
  0x000002863ea18774: 0f1f 8400 | 6c01 0000 | 33c0 4883 

  0x000002863ea18780: ;   {poll_return}
  0x000002863ea18780: c420 5d49 | 3ba7 4804 | 0000 0f87 | 3c00 0000 | c348 8bea | 4489 0424 | baec ffff 

  0x000002863ea1879c: ;   {runtime_call UncommonTrapBlob}
  0x000002863ea1879c: ff66 90e8 

  0x000002863ea187a0: ; ImmutableOopMap {rbp=Oop [0]=NarrowOop }
                      ;*ifnull {reexecute=1 rethrow=0 return_oop=0}
                      ; - (reexecute) java.awt.EventQueue$4::run@7 (line 719)
                      ; - java.awt.EventQueue$4::run@1 (line 714)
  0x000002863ea187a0: bcbb 99ff 

  0x000002863ea187a4: ;   {other}
  0x000002863ea187a4: 0f1f 8400 | 9c01 0001 | 488b d048 | 83c4 205d 

  0x000002863ea187b4: ;   {runtime_call _rethrow_Java}
  0x000002863ea187b4: e9a7 cda6 | ffba f6ff 

  0x000002863ea187bc: ;   {runtime_call UncommonTrapBlob}
  0x000002863ea187bc: ffff 90e8 

  0x000002863ea187c0: ; ImmutableOopMap {}
                      ;*getfield fwDispatcher {reexecute=1 rethrow=0 return_oop=0}
                      ; - (reexecute) java.awt.EventQueue$4::run@4 (line 719)
                      ; - java.awt.EventQueue$4::run@1 (line 714)
  0x000002863ea187c0: 9cbb 99ff 

  0x000002863ea187c4: ;   {other}
  0x000002863ea187c4: 0f1f 8400 | bc01 0002 

  0x000002863ea187cc: ;   {internal_word}
  0x000002863ea187cc: 49ba 8387 | a13e 8602 | 0000 4d89 | 9760 0400 

  0x000002863ea187dc: ;   {runtime_call SafepointBlob}
  0x000002863ea187dc: 00e9 fecb 

  0x000002863ea187e0: ;   {runtime_call StubRoutines (final stubs)}
  0x000002863ea187e0: 99ff e859 | ef97 ffe9 | 5eff ffff | f4f4 f4f4 
[Stub Code]
  0x000002863ea187f0: ;   {no_reloc}
  0x000002863ea187f0: 48bb e0c1 | 1494 8602 

  0x000002863ea187f8: ;   {runtime_call I2C/C2I adapters}
  0x000002863ea187f8: 0000 e9bb 

  0x000002863ea187fc: ;   {runtime_call ExceptionBlob}
  0x000002863ea187fc: 4b99 ffe9 | 5c4b a6ff 
[Deopt Handler Code]
  0x000002863ea18804: e800 0000 | 0048 832c 

  0x000002863ea1880c: ;   {runtime_call DeoptimizationBlob}
  0x000002863ea1880c: 2405 e96d | be99 fff4 | f4f4 f4f4 
[/MachCode]


---------------  P R O C E S S  ---------------

Threads class SMR info:
_java_thread_list=0x0000028699f530c0, length=16, elements={
0x0000028651f40250, 0x0000028651f43080, 0x0000028651f46ee0, 0x0000028651f47940,
0x0000028651f483a0, 0x0000028651f48e00, 0x0000028651f4bba0, 0x00000286522b3570,
0x00000286523f5af0, 0x00000286523fa980, 0x0000028652592a40, 0x0000028652593f40,
0x0000028652334960, 0x00000286522e0aa0, 0x000002862c353d30, 0x000002869a19dbf0
}

Java Threads: ( => current thread )
  0x0000028651f40250 JavaThread "Reference Handler"          daemon [_thread_blocked, id=45520, stack(0x000000b387500000,0x000000b387600000) (1024K)]
  0x0000028651f43080 JavaThread "Finalizer"                  daemon [_thread_blocked, id=38600, stack(0x000000b387600000,0x000000b387700000) (1024K)]
  0x0000028651f46ee0 JavaThread "Signal Dispatcher"          daemon [_thread_blocked, id=39816, stack(0x000000b387700000,0x000000b387800000) (1024K)]
  0x0000028651f47940 JavaThread "Attach Listener"            daemon [_thread_blocked, id=29588, stack(0x000000b387800000,0x000000b387900000) (1024K)]
  0x0000028651f483a0 JavaThread "Service Thread"             daemon [_thread_blocked, id=42196, stack(0x000000b387900000,0x000000b387a00000) (1024K)]
  0x0000028651f48e00 JavaThread "Monitor Deflation Thread"   daemon [_thread_blocked, id=44540, stack(0x000000b387a00000,0x000000b387b00000) (1024K)]
  0x0000028651f4bba0 JavaThread "C2 CompilerThread0"         daemon [_thread_blocked, id=5388, stack(0x000000b387b00000,0x000000b387c00000) (1024K)]
  0x00000286522b3570 JavaThread "C1 CompilerThread0"         daemon [_thread_blocked, id=33744, stack(0x000000b387c00000,0x000000b387d00000) (1024K)]
  0x00000286523f5af0 JavaThread "Notification Thread"        daemon [_thread_blocked, id=37952, stack(0x000000b387d00000,0x000000b387e00000) (1024K)]
  0x00000286523fa980 JavaThread "Common-Cleaner"             daemon [_thread_blocked, id=38924, stack(0x000000b387e00000,0x000000b387f00000) (1024K)]
  0x0000028652592a40 JavaThread "Java2D Disposer"            daemon [_thread_blocked, id=48108, stack(0x000000b387f00000,0x000000b388000000) (1024K)]
  0x0000028652593f40 JavaThread "AWT-Windows"                daemon [_thread_in_native, id=13956, stack(0x000000b388100000,0x000000b388200000) (1024K)]
  0x0000028652334960 JavaThread "AWT-Shutdown"                      [_thread_blocked, id=37064, stack(0x000000b388000000,0x000000b388100000) (1024K)]
=>0x00000286522e0aa0 JavaThread "AWT-EventQueue-0"                  [_thread_in_native, id=19096, stack(0x000000b388500000,0x000000b388600000) (1024K)]
  0x000002862c353d30 JavaThread "DestroyJavaVM"                     [_thread_blocked, id=28224, stack(0x000000b386c00000,0x000000b386d00000) (1024K)]
  0x000002869a19dbf0 JavaThread "D3D Screen Updater"         daemon [_thread_blocked, id=37348, stack(0x000000b388900000,0x000000b388a00000) (1024K)]
Total: 16

Other Threads:
  0x0000028651f26c20 VMThread "VM Thread"                           [id=42532, stack(0x000000b387400000,0x000000b387500000) (1024K)]
  0x0000028651f15b80 WatcherThread "VM Periodic Task Thread"        [id=37364, stack(0x000000b387300000,0x000000b387400000) (1024K)]
  0x000002862e7a3970 WorkerThread "GC Thread#0"                     [id=25640, stack(0x000000b386e00000,0x000000b386f00000) (1024K)]
  0x00000286a16ebc20 WorkerThread "GC Thread#1"                     [id=32844, stack(0x000000b386b00000,0x000000b386c00000) (1024K)]
  0x00000286a19ee060 WorkerThread "GC Thread#2"                     [id=25960, stack(0x000000b386d00000,0x000000b386e00000) (1024K)]
  0x000002862c341d40 WorkerThread "GC Thread#3"                     [id=17952, stack(0x000000b388200000,0x000000b388300000) (1024K)]
  0x000002862e7b88a0 ConcurrentGCThread "G1 Main Marker"            [id=33980, stack(0x000000b386f00000,0x000000b387000000) (1024K)]
  0x000002862e7b9a60 WorkerThread "G1 Conc#0"                       [id=42920, stack(0x000000b387000000,0x000000b387100000) (1024K)]
  0x0000028651dd6220 ConcurrentGCThread "G1 Refine#0"               [id=45800, stack(0x000000b387100000,0x000000b387200000) (1024K)]
  0x0000028651dd6cb0 ConcurrentGCThread "G1 Service"                [id=38776, stack(0x000000b387200000,0x000000b387300000) (1024K)]
Total: 10

Threads with active compile tasks:
Total: 0

VM state: not at safepoint (normal execution)

VM Mutex/Monitor currently owned by a thread: None

Heap address: 0x0000000603000000, size: 8144 MB, Compressed Oops mode: Zero based, Oop shift amount: 3

CDS archive(s) mapped at: [0x0000028653000000-0x0000028653d70000-0x0000028653d70000), size 14090240, SharedBaseAddress: 0x0000028653000000, ArchiveRelocationMode: 1.
Compressed class space mapped at: 0x0000028654000000-0x0000028694000000, reserved size: 1073741824
Narrow klass base: 0x0000028653000000, Narrow klass shift: 0, Narrow klass range: 0x41000000

GC Precious Log:
 CardTable entry size: 512
 Card Set container configuration: InlinePtr #cards 4 size 8 Array Of Cards #cards 32 size 80 Howl #buckets 8 coarsen threshold 7372 Howl Bitmap #cards 1024 size 144 coarsen threshold 921 Card regions per heap region 1 cards per card region 8192
 CPUs: 4 total, 4 available
 Memory: 32565M
 Large Page Support: Disabled
 NUMA Support: Disabled
 Compressed Oops: Enabled (Zero based)
 Heap Region Size: 4M
 Heap Min Capacity: 8M
 Heap Initial Capacity: 512M
 Heap Max Capacity: 8144M
 Pre-touch: Disabled
 Parallel Workers: 4
 Concurrent Workers: 1
 Concurrent Refinement Workers: 4
 Periodic GC: Disabled

Heap:
 garbage-first heap   total reserved 8339456K, committed 524288K, used 51432K [0x0000000603000000, 0x0000000800000000)
  region size 4096K, 14 young (57344K), 1 survivors (4096K)
 Metaspace       used 7896K, committed 8128K, reserved 1114112K
  class space    used 846K, committed 960K, reserved 1048576K

Heap Regions: E=young(eden), S=young(survivor), O=old, HS=humongous(starts), HC=humongous(continues), CS=collection set, F=free, TAMS=top-at-mark-start, PB=parsable bottom
|   0|0x0000000603000000, 0x000000060322d438, 0x0000000603400000| 54%| O|  |TAMS 0x0000000603000000| PB 0x0000000603000000| Untracked |  0
|   1|0x0000000603400000, 0x0000000603400000, 0x0000000603800000|  0%| F|  |TAMS 0x0000000603400000| PB 0x0000000603400000| Untracked |  0
|   2|0x0000000603800000, 0x0000000603800000, 0x0000000603c00000|  0%| F|  |TAMS 0x0000000603800000| PB 0x0000000603800000| Untracked |  0
|   3|0x0000000603c00000, 0x0000000603c00000, 0x0000000604000000|  0%| F|  |TAMS 0x0000000603c00000| PB 0x0000000603c00000| Untracked |  0
|   4|0x0000000604000000, 0x0000000604000000, 0x0000000604400000|  0%| F|  |TAMS 0x0000000604000000| PB 0x0000000604000000| Untracked |  0
|   5|0x0000000604400000, 0x0000000604400000, 0x0000000604800000|  0%| F|  |TAMS 0x0000000604400000| PB 0x0000000604400000| Untracked |  0
|   6|0x0000000604800000, 0x0000000604800000, 0x0000000604c00000|  0%| F|  |TAMS 0x0000000604800000| PB 0x0000000604800000| Untracked |  0
|   7|0x0000000604c00000, 0x0000000604c00000, 0x0000000605000000|  0%| F|  |TAMS 0x0000000604c00000| PB 0x0000000604c00000| Untracked |  0
|   8|0x0000000605000000, 0x0000000605000000, 0x0000000605400000|  0%| F|  |TAMS 0x0000000605000000| PB 0x0000000605000000| Untracked |  0
|   9|0x0000000605400000, 0x0000000605400000, 0x0000000605800000|  0%| F|  |TAMS 0x0000000605400000| PB 0x0000000605400000| Untracked |  0
|  10|0x0000000605800000, 0x0000000605800000, 0x0000000605c00000|  0%| F|  |TAMS 0x0000000605800000| PB 0x0000000605800000| Untracked |  0
|  11|0x0000000605c00000, 0x0000000605c00000, 0x0000000606000000|  0%| F|  |TAMS 0x0000000605c00000| PB 0x0000000605c00000| Untracked |  0
|  12|0x0000000606000000, 0x0000000606000000, 0x0000000606400000|  0%| F|  |TAMS 0x0000000606000000| PB 0x0000000606000000| Untracked |  0
|  13|0x0000000606400000, 0x0000000606400000, 0x0000000606800000|  0%| F|  |TAMS 0x0000000606400000| PB 0x0000000606400000| Untracked |  0
|  14|0x0000000606800000, 0x0000000606800000, 0x0000000606c00000|  0%| F|  |TAMS 0x0000000606800000| PB 0x0000000606800000| Untracked |  0
|  15|0x0000000606c00000, 0x0000000606c00000, 0x0000000607000000|  0%| F|  |TAMS 0x0000000606c00000| PB 0x0000000606c00000| Untracked |  0
|  16|0x0000000607000000, 0x0000000607000000, 0x0000000607400000|  0%| F|  |TAMS 0x0000000607000000| PB 0x0000000607000000| Untracked |  0
|  17|0x0000000607400000, 0x0000000607400000, 0x0000000607800000|  0%| F|  |TAMS 0x0000000607400000| PB 0x0000000607400000| Untracked |  0
|  18|0x0000000607800000, 0x0000000607800000, 0x0000000607c00000|  0%| F|  |TAMS 0x0000000607800000| PB 0x0000000607800000| Untracked |  0
|  19|0x0000000607c00000, 0x0000000607c00000, 0x0000000608000000|  0%| F|  |TAMS 0x0000000607c00000| PB 0x0000000607c00000| Untracked |  0
|  20|0x0000000608000000, 0x0000000608000000, 0x0000000608400000|  0%| F|  |TAMS 0x0000000608000000| PB 0x0000000608000000| Untracked |  0
|  21|0x0000000608400000, 0x0000000608400000, 0x0000000608800000|  0%| F|  |TAMS 0x0000000608400000| PB 0x0000000608400000| Untracked |  0
|  22|0x0000000608800000, 0x0000000608800000, 0x0000000608c00000|  0%| F|  |TAMS 0x0000000608800000| PB 0x0000000608800000| Untracked |  0
|  23|0x0000000608c00000, 0x0000000608c00000, 0x0000000609000000|  0%| F|  |TAMS 0x0000000608c00000| PB 0x0000000608c00000| Untracked |  0
|  24|0x0000000609000000, 0x0000000609000000, 0x0000000609400000|  0%| F|  |TAMS 0x0000000609000000| PB 0x0000000609000000| Untracked |  0
|  25|0x0000000609400000, 0x0000000609400000, 0x0000000609800000|  0%| F|  |TAMS 0x0000000609400000| PB 0x0000000609400000| Untracked |  0
|  26|0x0000000609800000, 0x0000000609800000, 0x0000000609c00000|  0%| F|  |TAMS 0x0000000609800000| PB 0x0000000609800000| Untracked |  0
|  27|0x0000000609c00000, 0x0000000609c00000, 0x000000060a000000|  0%| F|  |TAMS 0x0000000609c00000| PB 0x0000000609c00000| Untracked |  0
|  28|0x000000060a000000, 0x000000060a000000, 0x000000060a400000|  0%| F|  |TAMS 0x000000060a000000| PB 0x000000060a000000| Untracked |  0
|  29|0x000000060a400000, 0x000000060a400000, 0x000000060a800000|  0%| F|  |TAMS 0x000000060a400000| PB 0x000000060a400000| Untracked |  0
|  30|0x000000060a800000, 0x000000060a800000, 0x000000060ac00000|  0%| F|  |TAMS 0x000000060a800000| PB 0x000000060a800000| Untracked |  0
|  31|0x000000060ac00000, 0x000000060ac00000, 0x000000060b000000|  0%| F|  |TAMS 0x000000060ac00000| PB 0x000000060ac00000| Untracked |  0
|  32|0x000000060b000000, 0x000000060b000000, 0x000000060b400000|  0%| F|  |TAMS 0x000000060b000000| PB 0x000000060b000000| Untracked |  0
|  33|0x000000060b400000, 0x000000060b400000, 0x000000060b800000|  0%| F|  |TAMS 0x000000060b400000| PB 0x000000060b400000| Untracked |  0
|  34|0x000000060b800000, 0x000000060b800000, 0x000000060bc00000|  0%| F|  |TAMS 0x000000060b800000| PB 0x000000060b800000| Untracked |  0
|  35|0x000000060bc00000, 0x000000060bc00000, 0x000000060c000000|  0%| F|  |TAMS 0x000000060bc00000| PB 0x000000060bc00000| Untracked |  0
|  36|0x000000060c000000, 0x000000060c000000, 0x000000060c400000|  0%| F|  |TAMS 0x000000060c000000| PB 0x000000060c000000| Untracked |  0
|  37|0x000000060c400000, 0x000000060c400000, 0x000000060c800000|  0%| F|  |TAMS 0x000000060c400000| PB 0x000000060c400000| Untracked |  0
|  38|0x000000060c800000, 0x000000060c800000, 0x000000060cc00000|  0%| F|  |TAMS 0x000000060c800000| PB 0x000000060c800000| Untracked |  0
|  39|0x000000060cc00000, 0x000000060cc00000, 0x000000060d000000|  0%| F|  |TAMS 0x000000060cc00000| PB 0x000000060cc00000| Untracked |  0
|  40|0x000000060d000000, 0x000000060d000000, 0x000000060d400000|  0%| F|  |TAMS 0x000000060d000000| PB 0x000000060d000000| Untracked |  0
|  41|0x000000060d400000, 0x000000060d400000, 0x000000060d800000|  0%| F|  |TAMS 0x000000060d400000| PB 0x000000060d400000| Untracked |  0
|  42|0x000000060d800000, 0x000000060d800000, 0x000000060dc00000|  0%| F|  |TAMS 0x000000060d800000| PB 0x000000060d800000| Untracked |  0
|  43|0x000000060dc00000, 0x000000060dc00000, 0x000000060e000000|  0%| F|  |TAMS 0x000000060dc00000| PB 0x000000060dc00000| Untracked |  0
|  44|0x000000060e000000, 0x000000060e000000, 0x000000060e400000|  0%| F|  |TAMS 0x000000060e000000| PB 0x000000060e000000| Untracked |  0
|  45|0x000000060e400000, 0x000000060e400000, 0x000000060e800000|  0%| F|  |TAMS 0x000000060e400000| PB 0x000000060e400000| Untracked |  0
|  46|0x000000060e800000, 0x000000060e800000, 0x000000060ec00000|  0%| F|  |TAMS 0x000000060e800000| PB 0x000000060e800000| Untracked |  0
|  47|0x000000060ec00000, 0x000000060ec00000, 0x000000060f000000|  0%| F|  |TAMS 0x000000060ec00000| PB 0x000000060ec00000| Untracked |  0
|  48|0x000000060f000000, 0x000000060f000000, 0x000000060f400000|  0%| F|  |TAMS 0x000000060f000000| PB 0x000000060f000000| Untracked |  0
|  49|0x000000060f400000, 0x000000060f400000, 0x000000060f800000|  0%| F|  |TAMS 0x000000060f400000| PB 0x000000060f400000| Untracked |  0
|  50|0x000000060f800000, 0x000000060f800000, 0x000000060fc00000|  0%| F|  |TAMS 0x000000060f800000| PB 0x000000060f800000| Untracked |  0
|  51|0x000000060fc00000, 0x000000060fc00000, 0x0000000610000000|  0%| F|  |TAMS 0x000000060fc00000| PB 0x000000060fc00000| Untracked |  0
|  52|0x0000000610000000, 0x0000000610000000, 0x0000000610400000|  0%| F|  |TAMS 0x0000000610000000| PB 0x0000000610000000| Untracked |  0
|  53|0x0000000610400000, 0x0000000610400000, 0x0000000610800000|  0%| F|  |TAMS 0x0000000610400000| PB 0x0000000610400000| Untracked |  0
|  54|0x0000000610800000, 0x0000000610800000, 0x0000000610c00000|  0%| F|  |TAMS 0x0000000610800000| PB 0x0000000610800000| Untracked |  0
|  55|0x0000000610c00000, 0x0000000610c00000, 0x0000000611000000|  0%| F|  |TAMS 0x0000000610c00000| PB 0x0000000610c00000| Untracked |  0
|  56|0x0000000611000000, 0x0000000611000000, 0x0000000611400000|  0%| F|  |TAMS 0x0000000611000000| PB 0x0000000611000000| Untracked |  0
|  57|0x0000000611400000, 0x0000000611400000, 0x0000000611800000|  0%| F|  |TAMS 0x0000000611400000| PB 0x0000000611400000| Untracked |  0
|  58|0x0000000611800000, 0x0000000611800000, 0x0000000611c00000|  0%| F|  |TAMS 0x0000000611800000| PB 0x0000000611800000| Untracked |  0
|  59|0x0000000611c00000, 0x0000000611c00000, 0x0000000612000000|  0%| F|  |TAMS 0x0000000611c00000| PB 0x0000000611c00000| Untracked |  0
|  60|0x0000000612000000, 0x0000000612000000, 0x0000000612400000|  0%| F|  |TAMS 0x0000000612000000| PB 0x0000000612000000| Untracked |  0
|  61|0x0000000612400000, 0x0000000612400000, 0x0000000612800000|  0%| F|  |TAMS 0x0000000612400000| PB 0x0000000612400000| Untracked |  0
|  62|0x0000000612800000, 0x0000000612800000, 0x0000000612c00000|  0%| F|  |TAMS 0x0000000612800000| PB 0x0000000612800000| Untracked |  0
|  63|0x0000000612c00000, 0x0000000612c00000, 0x0000000613000000|  0%| F|  |TAMS 0x0000000612c00000| PB 0x0000000612c00000| Untracked |  0
|  64|0x0000000613000000, 0x0000000613000000, 0x0000000613400000|  0%| F|  |TAMS 0x0000000613000000| PB 0x0000000613000000| Untracked |  0
|  65|0x0000000613400000, 0x0000000613400000, 0x0000000613800000|  0%| F|  |TAMS 0x0000000613400000| PB 0x0000000613400000| Untracked |  0
|  66|0x0000000613800000, 0x0000000613800000, 0x0000000613c00000|  0%| F|  |TAMS 0x0000000613800000| PB 0x0000000613800000| Untracked |  0
|  67|0x0000000613c00000, 0x0000000613c00000, 0x0000000614000000|  0%| F|  |TAMS 0x0000000613c00000| PB 0x0000000613c00000| Untracked |  0
|  68|0x0000000614000000, 0x0000000614000000, 0x0000000614400000|  0%| F|  |TAMS 0x0000000614000000| PB 0x0000000614000000| Untracked |  0
|  69|0x0000000614400000, 0x0000000614400000, 0x0000000614800000|  0%| F|  |TAMS 0x0000000614400000| PB 0x0000000614400000| Untracked |  0
|  70|0x0000000614800000, 0x0000000614800000, 0x0000000614c00000|  0%| F|  |TAMS 0x0000000614800000| PB 0x0000000614800000| Untracked |  0
|  71|0x0000000614c00000, 0x0000000614c00000, 0x0000000615000000|  0%| F|  |TAMS 0x0000000614c00000| PB 0x0000000614c00000| Untracked |  0
|  72|0x0000000615000000, 0x0000000615000000, 0x0000000615400000|  0%| F|  |TAMS 0x0000000615000000| PB 0x0000000615000000| Untracked |  0
|  73|0x0000000615400000, 0x0000000615400000, 0x0000000615800000|  0%| F|  |TAMS 0x0000000615400000| PB 0x0000000615400000| Untracked |  0
|  74|0x0000000615800000, 0x0000000615800000, 0x0000000615c00000|  0%| F|  |TAMS 0x0000000615800000| PB 0x0000000615800000| Untracked |  0
|  75|0x0000000615c00000, 0x0000000615c00000, 0x0000000616000000|  0%| F|  |TAMS 0x0000000615c00000| PB 0x0000000615c00000| Untracked |  0
|  76|0x0000000616000000, 0x0000000616000000, 0x0000000616400000|  0%| F|  |TAMS 0x0000000616000000| PB 0x0000000616000000| Untracked |  0
|  77|0x0000000616400000, 0x0000000616400000, 0x0000000616800000|  0%| F|  |TAMS 0x0000000616400000| PB 0x0000000616400000| Untracked |  0
|  78|0x0000000616800000, 0x0000000616800000, 0x0000000616c00000|  0%| F|  |TAMS 0x0000000616800000| PB 0x0000000616800000| Untracked |  0
|  79|0x0000000616c00000, 0x0000000616c00000, 0x0000000617000000|  0%| F|  |TAMS 0x0000000616c00000| PB 0x0000000616c00000| Untracked |  0
|  80|0x0000000617000000, 0x0000000617000000, 0x0000000617400000|  0%| F|  |TAMS 0x0000000617000000| PB 0x0000000617000000| Untracked |  0
|  81|0x0000000617400000, 0x0000000617400000, 0x0000000617800000|  0%| F|  |TAMS 0x0000000617400000| PB 0x0000000617400000| Untracked |  0
|  82|0x0000000617800000, 0x0000000617800000, 0x0000000617c00000|  0%| F|  |TAMS 0x0000000617800000| PB 0x0000000617800000| Untracked |  0
|  83|0x0000000617c00000, 0x0000000617c00000, 0x0000000618000000|  0%| F|  |TAMS 0x0000000617c00000| PB 0x0000000617c00000| Untracked |  0
|  84|0x0000000618000000, 0x0000000618000000, 0x0000000618400000|  0%| F|  |TAMS 0x0000000618000000| PB 0x0000000618000000| Untracked |  0
|  85|0x0000000618400000, 0x0000000618400000, 0x0000000618800000|  0%| F|  |TAMS 0x0000000618400000| PB 0x0000000618400000| Untracked |  0
|  86|0x0000000618800000, 0x0000000618800000, 0x0000000618c00000|  0%| F|  |TAMS 0x0000000618800000| PB 0x0000000618800000| Untracked |  0
|  87|0x0000000618c00000, 0x0000000618c00000, 0x0000000619000000|  0%| F|  |TAMS 0x0000000618c00000| PB 0x0000000618c00000| Untracked |  0
|  88|0x0000000619000000, 0x0000000619000000, 0x0000000619400000|  0%| F|  |TAMS 0x0000000619000000| PB 0x0000000619000000| Untracked |  0
|  89|0x0000000619400000, 0x0000000619400000, 0x0000000619800000|  0%| F|  |TAMS 0x0000000619400000| PB 0x0000000619400000| Untracked |  0
|  90|0x0000000619800000, 0x0000000619800000, 0x0000000619c00000|  0%| F|  |TAMS 0x0000000619800000| PB 0x0000000619800000| Untracked |  0
|  91|0x0000000619c00000, 0x0000000619c00000, 0x000000061a000000|  0%| F|  |TAMS 0x0000000619c00000| PB 0x0000000619c00000| Untracked |  0
|  92|0x000000061a000000, 0x000000061a000000, 0x000000061a400000|  0%| F|  |TAMS 0x000000061a000000| PB 0x000000061a000000| Untracked |  0
|  93|0x000000061a400000, 0x000000061a400000, 0x000000061a800000|  0%| F|  |TAMS 0x000000061a400000| PB 0x000000061a400000| Untracked |  0
|  94|0x000000061a800000, 0x000000061a800000, 0x000000061ac00000|  0%| F|  |TAMS 0x000000061a800000| PB 0x000000061a800000| Untracked |  0
|  95|0x000000061ac00000, 0x000000061ac00000, 0x000000061b000000|  0%| F|  |TAMS 0x000000061ac00000| PB 0x000000061ac00000| Untracked |  0
|  96|0x000000061b000000, 0x000000061b000000, 0x000000061b400000|  0%| F|  |TAMS 0x000000061b000000| PB 0x000000061b000000| Untracked |  0
|  97|0x000000061b400000, 0x000000061b400000, 0x000000061b800000|  0%| F|  |TAMS 0x000000061b400000| PB 0x000000061b400000| Untracked |  0
|  98|0x000000061b800000, 0x000000061b800000, 0x000000061bc00000|  0%| F|  |TAMS 0x000000061b800000| PB 0x000000061b800000| Untracked |  0
|  99|0x000000061bc00000, 0x000000061bc00000, 0x000000061c000000|  0%| F|  |TAMS 0x000000061bc00000| PB 0x000000061bc00000| Untracked |  0
| 100|0x000000061c000000, 0x000000061c000000, 0x000000061c400000|  0%| F|  |TAMS 0x000000061c000000| PB 0x000000061c000000| Untracked |  0
| 101|0x000000061c400000, 0x000000061c400000, 0x000000061c800000|  0%| F|  |TAMS 0x000000061c400000| PB 0x000000061c400000| Untracked |  0
| 102|0x000000061c800000, 0x000000061c800000, 0x000000061cc00000|  0%| F|  |TAMS 0x000000061c800000| PB 0x000000061c800000| Untracked |  0
| 103|0x000000061cc00000, 0x000000061cc00000, 0x000000061d000000|  0%| F|  |TAMS 0x000000061cc00000| PB 0x000000061cc00000| Untracked |  0
| 104|0x000000061d000000, 0x000000061d000000, 0x000000061d400000|  0%| F|  |TAMS 0x000000061d000000| PB 0x000000061d000000| Untracked |  0
| 105|0x000000061d400000, 0x000000061d400000, 0x000000061d800000|  0%| F|  |TAMS 0x000000061d400000| PB 0x000000061d400000| Untracked |  0
| 106|0x000000061d800000, 0x000000061d800000, 0x000000061dc00000|  0%| F|  |TAMS 0x000000061d800000| PB 0x000000061d800000| Untracked |  0
| 107|0x000000061dc00000, 0x000000061dc00000, 0x000000061e000000|  0%| F|  |TAMS 0x000000061dc00000| PB 0x000000061dc00000| Untracked |  0
| 108|0x000000061e000000, 0x000000061e000000, 0x000000061e400000|  0%| F|  |TAMS 0x000000061e000000| PB 0x000000061e000000| Untracked |  0
| 109|0x000000061e400000, 0x000000061e400000, 0x000000061e800000|  0%| F|  |TAMS 0x000000061e400000| PB 0x000000061e400000| Untracked |  0
| 110|0x000000061e800000, 0x000000061e800000, 0x000000061ec00000|  0%| F|  |TAMS 0x000000061e800000| PB 0x000000061e800000| Untracked |  0
| 111|0x000000061ec00000, 0x000000061ec00000, 0x000000061f000000|  0%| F|  |TAMS 0x000000061ec00000| PB 0x000000061ec00000| Untracked |  0
| 112|0x000000061f000000, 0x000000061f000000, 0x000000061f400000|  0%| F|  |TAMS 0x000000061f000000| PB 0x000000061f000000| Untracked |  0
| 113|0x000000061f400000, 0x000000061f40cc70, 0x000000061f800000|  1%| S|CS|TAMS 0x000000061f400000| PB 0x000000061f400000| Complete |  0
| 114|0x000000061f800000, 0x000000061f800000, 0x000000061fc00000|  0%| F|  |TAMS 0x000000061f800000| PB 0x000000061f800000| Untracked |  0
| 115|0x000000061fc00000, 0x000000061fdd4f40, 0x0000000620000000| 45%| E|  |TAMS 0x000000061fc00000| PB 0x000000061fc00000| Complete |  0
| 116|0x0000000620000000, 0x0000000620400000, 0x0000000620400000|100%| E|CS|TAMS 0x0000000620000000| PB 0x0000000620000000| Complete |  0
| 117|0x0000000620400000, 0x0000000620800000, 0x0000000620800000|100%| E|CS|TAMS 0x0000000620400000| PB 0x0000000620400000| Complete |  0
| 118|0x0000000620800000, 0x0000000620c00000, 0x0000000620c00000|100%| E|CS|TAMS 0x0000000620800000| PB 0x0000000620800000| Complete |  0
| 119|0x0000000620c00000, 0x0000000621000000, 0x0000000621000000|100%| E|CS|TAMS 0x0000000620c00000| PB 0x0000000620c00000| Complete |  0
| 120|0x0000000621000000, 0x0000000621400000, 0x0000000621400000|100%| E|CS|TAMS 0x0000000621000000| PB 0x0000000621000000| Complete |  0
| 121|0x0000000621400000, 0x0000000621800000, 0x0000000621800000|100%| E|CS|TAMS 0x0000000621400000| PB 0x0000000621400000| Complete |  0
| 122|0x0000000621800000, 0x0000000621c00000, 0x0000000621c00000|100%| E|CS|TAMS 0x0000000621800000| PB 0x0000000621800000| Complete |  0
| 123|0x0000000621c00000, 0x0000000622000000, 0x0000000622000000|100%| E|CS|TAMS 0x0000000621c00000| PB 0x0000000621c00000| Complete |  0
| 124|0x0000000622000000, 0x0000000622400000, 0x0000000622400000|100%| E|CS|TAMS 0x0000000622000000| PB 0x0000000622000000| Complete |  0
| 125|0x0000000622400000, 0x0000000622800000, 0x0000000622800000|100%| E|CS|TAMS 0x0000000622400000| PB 0x0000000622400000| Complete |  0
| 126|0x0000000622800000, 0x0000000622c00000, 0x0000000622c00000|100%| E|CS|TAMS 0x0000000622800000| PB 0x0000000622800000| Complete |  0
| 127|0x0000000622c00000, 0x0000000623000000, 0x0000000623000000|100%| E|CS|TAMS 0x0000000622c00000| PB 0x0000000622c00000| Complete |  0

Card table byte_map: [0x0000028646e20000,0x0000028647e10000] _byte_map_base: 0x0000028643e08000

Marking Bits: (CMBitMap*) 0x000002862e7a3f90
 Bits: [0x0000028647e10000, 0x000002864fd50000)

Polling page: 0x000002862c6b0000

Metaspace:

Usage:
  Non-class:      6.89 MB used.
      Class:    846.52 KB used.
       Both:      7.71 MB used.

Virtual space:
  Non-class space:       64.00 MB reserved,       7.00 MB ( 11%) committed,  1 nodes.
      Class space:        1.00 GB reserved,     960.00 KB ( <1%) committed,  1 nodes.
             Both:        1.06 GB reserved,       7.94 MB ( <1%) committed. 

Chunk freelists:
   Non-Class:  8.91 MB
       Class:  15.07 MB
        Both:  23.97 MB

MaxMetaspaceSize: unlimited
CompressedClassSpaceSize: 1.00 GB
Initial GC threshold: 21.00 MB
Current GC threshold: 21.00 MB
CDS: on
 - commit_granule_bytes: 65536.
 - commit_granule_words: 8192.
 - virtual_space_node_default_size: 8388608.
 - enlarge_chunks_in_place: 1.
 - use_allocation_guard: 0.


Internal statistics:

num_allocs_failed_limit: 0.
num_arena_births: 230.
num_arena_deaths: 0.
num_vsnodes_births: 2.
num_vsnodes_deaths: 0.
num_space_committed: 127.
num_space_uncommitted: 0.
num_chunks_returned_to_freelist: 0.
num_chunks_taken_from_freelist: 299.
num_chunk_merges: 0.
num_chunk_splits: 178.
num_chunks_enlarged: 70.
num_inconsistent_stats: 0.

CodeHeap 'non-profiled nmethods': size=120064Kb used=1347Kb max_used=1347Kb free=118716Kb
 bounds [0x000002863e8f0000, 0x000002863eb60000, 0x0000028645e30000]
CodeHeap 'profiled nmethods': size=120000Kb used=2599Kb max_used=2599Kb free=117400Kb
 bounds [0x0000028636e30000, 0x00000286370c0000, 0x000002863e360000]
CodeHeap 'non-nmethods': size=5696Kb used=1544Kb max_used=1605Kb free=4151Kb
 bounds [0x000002863e360000, 0x000002863e5d0000, 0x000002863e8f0000]
CodeCache: size=245760Kb, used=5490Kb, max_used=5551Kb, free=240267Kb
 total_blobs=2556, nmethods=1928, adapters=534, full_count=0
Compilation: enabled, stopped_count=0, restarted_count=0

Compilation events (20 events):
Event: 31277.996 Thread 0x00000286522b3570 nmethod 1917 0x000002863ea3ff08 code [0x000002863ea40020, 0x000002863ea400f0]
Event: 31277.998 Thread 0x00000286522b3570 1920       1       sun.awt.windows.WObjectPeer::getTarget (5 bytes)
Event: 31277.998 Thread 0x00000286522b3570 nmethod 1920 0x000002863ea40588 code [0x000002863ea406a0, 0x000002863ea40770]
Event: 31277.998 Thread 0x00000286522b3570 1921       3       java.lang.ref.PhantomReference::<init> (7 bytes)
Event: 31277.998 Thread 0x00000286522b3570 nmethod 1921 0x00000286370b6908 code [0x00000286370b6a40, 0x00000286370b6d18]
Event: 31277.998 Thread 0x00000286522b3570 1922       3       sun.java2d.pipe.Region::getInstanceXYXY (12 bytes)
Event: 31277.998 Thread 0x00000286522b3570 nmethod 1922 0x00000286370b6d88 code [0x00000286370b6ea0, 0x00000286370b70c0]
Event: 31277.998 Thread 0x00000286522b3570 1923       3       sun.java2d.pipe.Region::getIntersection (21 bytes)
Event: 31277.998 Thread 0x00000286522b3570 nmethod 1923 0x00000286370b7108 code [0x00000286370b7220, 0x00000286370b7378]
Event: 31277.999 Thread 0x00000286522b3570 1924       3       sun.awt.image.PixelConverter$Xrgb::rgbToPixel (2 bytes)
Event: 31277.999 Thread 0x00000286522b3570 nmethod 1924 0x00000286370b7408 code [0x00000286370b7520, 0x00000286370b7630]
Event: 31277.999 Thread 0x00000286522b3570 1925       3       java.awt.geom.Path2D$Float::<init> (7 bytes)
Event: 31277.999 Thread 0x0000028651f4bba0 nmethod 1918 0x000002863ea40888 code [0x000002863ea409e0, 0x000002863ea40ec0]
Event: 31277.999 Thread 0x00000286522b3570 nmethod 1925 0x00000286370b7708 code [0x00000286370b7820, 0x00000286370b7968]
Event: 31277.999 Thread 0x00000286522b3570 1926       3       sun.java2d.pipe.LoopPipe::fillRect (32 bytes)
Event: 31277.999 Thread 0x00000286522b3570 nmethod 1926 0x00000286370b7a08 code [0x00000286370b7b40, 0x00000286370b7d00]
Event: 31278.000 Thread 0x00000286522b3570 1927   !   3       sun.awt.PostEventQueue::flush (168 bytes)
Event: 31278.001 Thread 0x00000286522b3570 nmethod 1927 0x00000286370b7d88 code [0x00000286370b7fc0, 0x00000286370b8f68]
Event: 31281.661 Thread 0x00000286522b3570 1928       3       java.util.ComparableTimSort::binarySort (223 bytes)
Event: 31281.661 Thread 0x00000286522b3570 nmethod 1928 0x00000286370b9008 code [0x00000286370b91a0, 0x00000286370b9d08]

GC Heap History (8 events):
Event: 76.547 GC heap before
{Heap before GC invocations=0 (full 0):
 garbage-first heap   total reserved 8339456K, committed 524288K, used 24576K [0x0000000603000000, 0x0000000800000000)
  region size 4096K, 6 young (24576K), 0 survivors (0K)
 Metaspace       used 7489K, committed 7680K, reserved 1114112K
  class space    used 824K, committed 896K, reserved 1048576K
}
Event: 76.552 GC heap after
{Heap after GC invocations=1 (full 0):
 garbage-first heap   total reserved 8339456K, committed 524288K, used 2320K [0x0000000603000000, 0x0000000800000000)
  region size 4096K, 1 young (4096K), 1 survivors (4096K)
 Metaspace       used 7489K, committed 7680K, reserved 1114112K
  class space    used 824K, committed 896K, reserved 1048576K
}
Event: 86.540 GC heap before
{Heap before GC invocations=1 (full 0):
 garbage-first heap   total reserved 8339456K, committed 524288K, used 22800K [0x0000000603000000, 0x0000000800000000)
  region size 4096K, 6 young (24576K), 1 survivors (4096K)
 Metaspace       used 7515K, committed 7744K, reserved 1114112K
  class space    used 824K, committed 896K, reserved 1048576K
}
Event: 86.542 GC heap after
{Heap after GC invocations=2 (full 0):
 garbage-first heap   total reserved 8339456K, committed 524288K, used 2656K [0x0000000603000000, 0x0000000800000000)
  region size 4096K, 1 young (4096K), 1 survivors (4096K)
 Metaspace       used 7515K, committed 7744K, reserved 1114112K
  class space    used 824K, committed 896K, reserved 1048576K
}
Event: 130.776 GC heap before
{Heap before GC invocations=2 (full 0):
 garbage-first heap   total reserved 8339456K, committed 524288K, used 47712K [0x0000000603000000, 0x0000000800000000)
  region size 4096K, 12 young (49152K), 1 survivors (4096K)
 Metaspace       used 7555K, committed 7744K, reserved 1114112K
  class space    used 825K, committed 896K, reserved 1048576K
}
Event: 130.776 GC heap after
{Heap after GC invocations=3 (full 0):
 garbage-first heap   total reserved 8339456K, committed 524288K, used 2337K [0x0000000603000000, 0x0000000800000000)
  region size 4096K, 1 young (4096K), 1 survivors (4096K)
 Metaspace       used 7555K, committed 7744K, reserved 1114112K
  class space    used 825K, committed 896K, reserved 1048576K
}
Event: 257.885 GC heap before
{Heap before GC invocations=3 (full 0):
 garbage-first heap   total reserved 8339456K, committed 524288K, used 55585K [0x0000000603000000, 0x0000000800000000)
  region size 4096K, 14 young (57344K), 1 survivors (4096K)
 Metaspace       used 7592K, committed 7808K, reserved 1114112K
  class space    used 825K, committed 896K, reserved 1048576K
}
Event: 257.886 GC heap after
{Heap after GC invocations=4 (full 0):
 garbage-first heap   total reserved 8339456K, committed 524288K, used 2280K [0x0000000603000000, 0x0000000800000000)
  region size 4096K, 1 young (4096K), 1 survivors (4096K)
 Metaspace       used 7592K, committed 7808K, reserved 1114112K
  class space    used 825K, committed 896K, reserved 1048576K
}

Dll operation events (8 events):
Event: 0.023 Loaded shared library C:\Program Files\Java\jdk-23\bin\java.dll
Event: 0.126 Loaded shared library C:\Program Files\Java\jdk-23\bin\jsvml.dll
Event: 2.454 Loaded shared library C:\Program Files\Java\jdk-23\bin\jimage.dll
Event: 2.523 Loaded shared library C:\Program Files\Java\jdk-23\bin\awt.dll
Event: 7.719 Loaded shared library C:\Program Files\Java\jdk-23\bin\freetype.dll
Event: 7.723 Loaded shared library C:\Program Files\Java\jdk-23\bin\fontmanager.dll
Event: 8.009 Loaded shared library C:\Program Files\Java\jdk-23\bin\net.dll
Event: 8.014 Loaded shared library C:\Program Files\Java\jdk-23\bin\nio.dll

Deoptimization events (20 events):
Event: 22206.400 Thread 0x000002869a19dbf0 Uncommon trap: trap_request=0xffffff45 fr.pc=0x000002863ea3a220 relative=0x00000000000008e0
Event: 22206.400 Thread 0x000002869a19dbf0 Uncommon trap: reason=unstable_if action=reinterpret pc=0x000002863ea3a220 method=sun.java2d.d3d.D3DScreenUpdateManager.run()V @ 130 c2
Event: 22206.400 Thread 0x000002869a19dbf0 DEOPT PACKING pc=0x000002863ea3a220 sp=0x000000b3889ff000
Event: 22206.401 Thread 0x000002869a19dbf0 DEOPT UNPACKING pc=0x000002863e3b4402 sp=0x000000b3889fefa8 mode 2
Event: 22207.102 Thread 0x000002869a19dbf0 Uncommon trap: trap_request=0xffffff45 fr.pc=0x000002863ea32e74 relative=0x0000000000000b54
Event: 22207.102 Thread 0x000002869a19dbf0 Uncommon trap: reason=unstable_if action=reinterpret pc=0x000002863ea32e74 method=java.util.concurrent.locks.AbstractQueuedSynchronizer.acquire(Ljava/util/concurrent/locks/AbstractQueuedSynchronizer$Node;IZZZJ)I @ 312 c2
Event: 22207.102 Thread 0x000002869a19dbf0 DEOPT PACKING pc=0x000002863ea32e74 sp=0x000000b3889fec40
Event: 22207.102 Thread 0x000002869a19dbf0 DEOPT UNPACKING pc=0x000002863e3b4402 sp=0x000000b3889fec08 mode 2
Event: 22207.133 Thread 0x00000286522e0aa0 Uncommon trap: trap_request=0xffffff45 fr.pc=0x000002863e9a642c relative=0x00000000000003ec
Event: 22207.133 Thread 0x00000286522e0aa0 Uncommon trap: reason=unstable_if action=reinterpret pc=0x000002863e9a642c method=java.awt.EventQueue.eventToCacheIndex(Ljava/awt/AWTEvent;)I @ 4 c2
Event: 22207.133 Thread 0x00000286522e0aa0 DEOPT PACKING pc=0x000002863e9a642c sp=0x000000b3885ff040
Event: 22207.133 Thread 0x00000286522e0aa0 DEOPT UNPACKING pc=0x000002863e3b4402 sp=0x000000b3885fef18 mode 2
Event: 31277.858 Thread 0x000002869a19dbf0 Uncommon trap: trap_request=0xffffff45 fr.pc=0x000002863ea390a8 relative=0x00000000000007e8
Event: 31277.858 Thread 0x000002869a19dbf0 Uncommon trap: reason=unstable_if action=reinterpret pc=0x000002863ea390a8 method=sun.java2d.d3d.D3DScreenUpdateManager.run()V @ 130 c2
Event: 31277.858 Thread 0x000002869a19dbf0 DEOPT PACKING pc=0x000002863ea390a8 sp=0x000000b3889ff000
Event: 31277.858 Thread 0x000002869a19dbf0 DEOPT UNPACKING pc=0x000002863e3b4402 sp=0x000000b3889fefa8 mode 2
Event: 31278.102 Thread 0x000002869a19dbf0 Uncommon trap: trap_request=0xffffff45 fr.pc=0x000002863e9d8340 relative=0x0000000000000420
Event: 31278.102 Thread 0x000002869a19dbf0 Uncommon trap: reason=unstable_if action=reinterpret pc=0x000002863e9d8340 method=java.util.ArrayList.toArray([Ljava/lang/Object;)[Ljava/lang/Object; @ 6 c2
Event: 31278.102 Thread 0x000002869a19dbf0 DEOPT PACKING pc=0x000002863e9d8340 sp=0x000000b3889fef40
Event: 31278.102 Thread 0x000002869a19dbf0 DEOPT UNPACKING pc=0x000002863e3b4402 sp=0x000000b3889fef28 mode 2

Classes loaded (20 events):
Event: 31277.978 Loading class java/awt/image/BufferedImage$1
Event: 31277.979 Loading class java/awt/image/BufferedImage$1 done
Event: 31277.979 Loading class sun/awt/image/BufImgSurfaceData
Event: 31277.980 Loading class sun/awt/image/BufImgSurfaceData done
Event: 31277.980 Loading class sun/awt/image/BufImgSurfaceData$ICMColorData
Event: 31277.980 Loading class sun/awt/image/BufImgSurfaceData$ICMColorData done
Event: 31277.982 Loading class sun/awt/image/BufferedImageDevice
Event: 31277.982 Loading class sun/awt/image/BufferedImageDevice done
Event: 31277.985 Loading class sun/java2d/loops/MaskBlit$General
Event: 31277.986 Loading class sun/java2d/loops/GraphicsPrimitive$GeneralBinaryOp
Event: 31277.986 Loading class sun/java2d/loops/GraphicsPrimitive$GeneralBinaryOp done
Event: 31277.986 Loading class sun/java2d/loops/MaskBlit$General done
Event: 31277.989 Loading class java/awt/GradientPaintContext
Event: 31277.989 Loading class java/awt/PaintContext
Event: 31277.989 Loading class java/awt/PaintContext done
Event: 31277.989 Loading class java/awt/GradientPaintContext done
Event: 31277.990 Loading class java/awt/geom/Point2D$Double
Event: 31277.990 Loading class java/awt/geom/Point2D$Double done
Event: 31277.990 Loading class sun/java2d/pipe/AlphaPaintPipe$TileContext
Event: 31277.990 Loading class sun/java2d/pipe/AlphaPaintPipe$TileContext done

Classes unloaded (0 events):
No events

Classes redefined (0 events):
No events

Internal exceptions (11 events):
Event: 2.476 Thread 0x000002862c353d30 Exception <a 'java/lang/ClassNotFoundException'{0x0000000622dccd00}: sun/awt/resources/spi/awtProvider> (0x0000000622dccd00) 
thrown [s\open\src\hotspot\share\classfile\systemDictionary.cpp, line 313]
Event: 2.537 Thread 0x000002862c353d30 Exception <a 'java/io/FileNotFoundException'{0x0000000622e9c7f8}> (0x0000000622e9c7f8) 
thrown [s\open\src\hotspot\share\prims\jni.cpp, line 520]
Event: 2.543 Thread 0x000002862c353d30 Exception <a 'java/io/FileNotFoundException'{0x0000000622ecab48}> (0x0000000622ecab48) 
thrown [s\open\src\hotspot\share\prims\jni.cpp, line 520]
Event: 4.176 Thread 0x000002862c353d30 Exception <a 'java/lang/NoSuchMethodError'{0x0000000622803ff8}: 'void java.lang.invoke.DirectMethodHandle$Holder.invokeSpecial(java.lang.Object, java.lang.Object, java.lang.Object)'> (0x0000000622803ff8) 
thrown [s\open\src\hotspot\share\interpreter\linkResolver.cpp, line 796]
Event: 4.199 Thread 0x000002862c353d30 Exception <a 'java/lang/NoSuchMethodError'{0x00000006228535f8}: 'java.lang.Object java.lang.invoke.DirectMethodHandle$Holder.invokeStatic(java.lang.Object, int, java.lang.Object)'> (0x00000006228535f8) 
thrown [s\open\src\hotspot\share\interpreter\linkResolver.cpp, line 796]
Event: 4.250 Thread 0x000002862c353d30 Exception <a 'java/lang/ClassNotFoundException'{0x00000006228f8970}: com/sun/swing/internal/plaf/metal/resources/spi/metalProvider> (0x00000006228f8970) 
thrown [s\open\src\hotspot\share\classfile\systemDictionary.cpp, line 313]
Event: 4.251 Thread 0x000002862c353d30 Exception <a 'java/lang/ClassNotFoundException'{0x00000006228fc760}: com/sun/swing/internal/plaf/basic/resources/spi/basicProvider> (0x00000006228fc760) 
thrown [s\open\src\hotspot\share\classfile\systemDictionary.cpp, line 313]
Event: 4.668 Thread 0x000002862c353d30 Exception <a 'java/lang/NoSuchMethodError'{0x000000062292b1d8}: 'int java.lang.invoke.Invokers$Holder.invokeExact_MT(java.lang.Object, java.lang.Object)'> (0x000000062292b1d8) 
thrown [s\open\src\hotspot\share\interpreter\linkResolver.cpp, line 796]
Event: 7.638 Thread 0x0000028652593f40 Exception <a 'java/lang/NoSuchMethodError'{0x0000000622fe5da8}: 'void java.lang.invoke.DirectMethodHandle$Holder.invokeVirtual(java.lang.Object, java.lang.Object)'> (0x0000000622fe5da8) 
thrown [s\open\src\hotspot\share\interpreter\linkResolver.cpp, line 796]
Event: 7.679 Thread 0x000002862c353d30 Exception <a 'java/lang/NoSuchMethodError'{0x0000000622aabd58}: 'void java.lang.invoke.DirectMethodHandle$Holder.invokeStaticInit(java.lang.Object)'> (0x0000000622aabd58) 
thrown [s\open\src\hotspot\share\interpreter\linkResolver.cpp, line 796]
Event: 30.699 Thread 0x00000286522e0aa0 Exception <a 'java/lang/NoSuchMethodError'{0x00000006227404e0}: 'java.lang.Object java.lang.invoke.Invokers$Holder.linkToTargetMethod(int, int, int, int, java.lang.Object)'> (0x00000006227404e0) 
thrown [s\open\src\hotspot\share\interpreter\linkResolver.cpp, line 796]

VM Operations (20 events):
Event: 3006.992 Executing VM operation: HandshakeAllThreads (HandshakeForDeflation)
Event: 3006.992 Executing VM operation: HandshakeAllThreads (HandshakeForDeflation) done
Event: 3006.992 Executing VM operation: RendezvousGCThreads
Event: 3006.992 Executing VM operation: RendezvousGCThreads done
Event: 8839.104 Executing VM operation: HandshakeAllThreads (HandshakeForDeflation)
Event: 8839.104 Executing VM operation: HandshakeAllThreads (HandshakeForDeflation) done
Event: 8839.105 Executing VM operation: RendezvousGCThreads
Event: 8839.105 Executing VM operation: RendezvousGCThreads done
Event: 8899.236 Executing VM operation: HandshakeAllThreads (HandshakeForDeflation)
Event: 8899.236 Executing VM operation: HandshakeAllThreads (HandshakeForDeflation) done
Event: 8899.236 Executing VM operation: RendezvousGCThreads
Event: 8899.236 Executing VM operation: RendezvousGCThreads done
Event: 9560.203 Executing VM operation: HandshakeAllThreads (HandshakeForDeflation)
Event: 9560.203 Executing VM operation: HandshakeAllThreads (HandshakeForDeflation) done
Event: 9560.203 Executing VM operation: RendezvousGCThreads
Event: 9560.203 Executing VM operation: RendezvousGCThreads done
Event: 23871.650 Executing VM operation: HandshakeAllThreads (HandshakeForDeflation)
Event: 23871.650 Executing VM operation: HandshakeAllThreads (HandshakeForDeflation) done
Event: 23871.650 Executing VM operation: RendezvousGCThreads
Event: 23871.650 Executing VM operation: RendezvousGCThreads done

Memory protections (0 events):
No events

Nmethod flushes (0 events):
No events

Events (20 events):
Event: 0.071 Thread 0x000002862c353d30 Thread added: 0x000002862c353d30
Event: 0.116 Thread 0x000002862c353d30 Thread added: 0x0000028651f40250
Event: 0.116 Thread 0x000002862c353d30 Thread added: 0x0000028651f43080
Event: 0.117 Thread 0x000002862c353d30 Thread added: 0x0000028651f46ee0
Event: 0.117 Thread 0x000002862c353d30 Thread added: 0x0000028651f47940
Event: 0.117 Thread 0x000002862c353d30 Thread added: 0x0000028651f483a0
Event: 0.117 Thread 0x000002862c353d30 Thread added: 0x0000028651f48e00
Event: 0.117 Thread 0x000002862c353d30 Thread added: 0x0000028651f4bba0
Event: 0.119 Thread 0x000002862c353d30 Thread added: 0x00000286522b3570
Event: 0.146 Thread 0x000002862c353d30 Thread added: 0x00000286523f5af0
Event: 0.170 Thread 0x000002862c353d30 Thread added: 0x00000286523fa980
Event: 4.126 Thread 0x000002862c353d30 Thread added: 0x0000028652592a40
Event: 4.128 Thread 0x000002862c353d30 Thread added: 0x00000286525930b0
Event: 4.132 Thread 0x000002862c353d30 Thread added: 0x0000028652593f40
Event: 5.728 Thread 0x00000286525930b0 Thread exited: 0x00000286525930b0
Event: 7.610 Thread 0x0000028652593f40 Thread added: 0x0000028652334960
Event: 7.641 Thread 0x0000028652593f40 Thread added: 0x00000286522e0aa0
Event: 7.988 Thread 0x000002862c353d30 Thread exited: 0x000002862c353d30
Event: 7.988 Thread 0x000002862c353d30 Thread added: 0x000002862c353d30
Event: 7.996 Thread 0x00000286522e0aa0 Thread added: 0x000002869a19dbf0


Dynamic libraries:
0x00007ff6777e0000 - 0x00007ff6777f0000 	C:\Program Files\Java\jdk-23\bin\java.exe
0x00007ffc2cdf0000 - 0x00007ffc2d007000 	C:\WINDOWS\SYSTEM32\ntdll.dll
0x00007ffc2cb00000 - 0x00007ffc2cbc4000 	C:\WINDOWS\System32\KERNEL32.DLL
0x00007ffc2a720000 - 0x00007ffc2aad9000 	C:\WINDOWS\System32\KERNELBASE.dll
0x00007ffc2a560000 - 0x00007ffc2a671000 	C:\WINDOWS\System32\ucrtbase.dll
0x00007ffaf5ce0000 - 0x00007ffaf5cf7000 	C:\Program Files\Java\jdk-23\bin\jli.dll
0x00007ffc2b710000 - 0x00007ffc2b8be000 	C:\WINDOWS\System32\USER32.dll
0x00007ffc2aae0000 - 0x00007ffc2ab06000 	C:\WINDOWS\System32\win32u.dll
0x00007ffc2bed0000 - 0x00007ffc2bef9000 	C:\WINDOWS\System32\GDI32.dll
0x00007ffc2a260000 - 0x00007ffc2a37b000 	C:\WINDOWS\System32\gdi32full.dll
0x00007ffc2a400000 - 0x00007ffc2a49a000 	C:\WINDOWS\System32\msvcp_win.dll
0x00007ffad1a40000 - 0x00007ffad1a5b000 	C:\Program Files\Java\jdk-23\bin\VCRUNTIME140.dll
0x00007ffc0fe00000 - 0x00007ffc10092000 	C:\WINDOWS\WinSxS\amd64_microsoft.windows.common-controls_6595b64144ccf1df_6.0.22621.4391_none_2715d37f73803e96\COMCTL32.dll
0x00007ffc2b550000 - 0x00007ffc2b5f7000 	C:\WINDOWS\System32\msvcrt.dll
0x00007ffc2caa0000 - 0x00007ffc2cad1000 	C:\WINDOWS\System32\IMM32.DLL
0x00007ffbf40c0000 - 0x00007ffbf40cc000 	C:\Program Files\Java\jdk-23\bin\vcruntime140_1.dll
0x00007ffa64d30000 - 0x00007ffa64dbe000 	C:\Program Files\Java\jdk-23\bin\msvcp140.dll
0x00007ffa621b0000 - 0x00007ffa62eff000 	C:\Program Files\Java\jdk-23\bin\server\jvm.dll
0x00007ffc2ba10000 - 0x00007ffc2bac2000 	C:\WINDOWS\System32\ADVAPI32.dll
0x00007ffc2bc80000 - 0x00007ffc2bd27000 	C:\WINDOWS\System32\sechost.dll
0x00007ffc2a680000 - 0x00007ffc2a6a8000 	C:\WINDOWS\System32\bcrypt.dll
0x00007ffc2bad0000 - 0x00007ffc2bbe4000 	C:\WINDOWS\System32\RPCRT4.dll
0x00007ffc2bda0000 - 0x00007ffc2be11000 	C:\WINDOWS\System32\WS2_32.dll
0x00007ffc29990000 - 0x00007ffc299dd000 	C:\WINDOWS\SYSTEM32\POWRPROF.dll
0x00007ffc22910000 - 0x00007ffc22944000 	C:\WINDOWS\SYSTEM32\WINMM.dll
0x00007ffc28c30000 - 0x00007ffc28c3a000 	C:\WINDOWS\SYSTEM32\VERSION.dll
0x00007ffc29930000 - 0x00007ffc29943000 	C:\WINDOWS\SYSTEM32\UMPDC.dll
0x00007ffc28fa0000 - 0x00007ffc28fb8000 	C:\WINDOWS\SYSTEM32\kernel.appcore.dll
0x00007ffbf38a0000 - 0x00007ffbf38aa000 	C:\Program Files\Java\jdk-23\bin\jimage.dll
0x00007ffc20400000 - 0x00007ffc20632000 	C:\WINDOWS\SYSTEM32\DBGHELP.DLL
0x00007ffc2acc0000 - 0x00007ffc2b04f000 	C:\WINDOWS\System32\combase.dll
0x00007ffc2b8c0000 - 0x00007ffc2b997000 	C:\WINDOWS\System32\OLEAUT32.dll
0x00007ffc112a0000 - 0x00007ffc112d2000 	C:\WINDOWS\SYSTEM32\dbgcore.DLL
0x00007ffc2a380000 - 0x00007ffc2a3fb000 	C:\WINDOWS\System32\bcryptPrimitives.dll
0x00007ffacf6e0000 - 0x00007ffacf6fe000 	C:\Program Files\Java\jdk-23\bin\java.dll
0x00007ffc2ab10000 - 0x00007ffc2acb5000 	C:\WINDOWS\System32\ole32.dll
0x00007ffc2c220000 - 0x00007ffc2ca96000 	C:\WINDOWS\System32\SHELL32.dll
0x00007ffc282a0000 - 0x00007ffc28ba3000 	C:\WINDOWS\SYSTEM32\windows.storage.dll
0x00007ffc28160000 - 0x00007ffc2829f000 	C:\WINDOWS\SYSTEM32\wintypes.dll
0x00007ffc2b610000 - 0x00007ffc2b709000 	C:\WINDOWS\System32\SHCORE.dll
0x00007ffc2bd30000 - 0x00007ffc2bd8e000 	C:\WINDOWS\System32\shlwapi.dll
0x00007ffc2a020000 - 0x00007ffc2a04b000 	C:\WINDOWS\SYSTEM32\profapi.dll
0x00007ffa64c50000 - 0x00007ffa64d27000 	C:\Program Files\Java\jdk-23\bin\jsvml.dll
0x00007ffa64960000 - 0x00007ffa64aee000 	C:\Program Files\Java\jdk-23\bin\awt.dll
0x00007ffc26b10000 - 0x00007ffc26ba7000 	C:\WINDOWS\SYSTEM32\apphelp.dll
0x00007ffc26d80000 - 0x00007ffc26e31000 	C:\WINDOWS\system32\uxtheme.dll
0x00007ffc2c0c0000 - 0x00007ffc2c220000 	C:\WINDOWS\System32\MSCTF.dll
0x00007ffc270c0000 - 0x00007ffc270eb000 	C:\WINDOWS\system32\DWMAPI.DLL
0x00007ffc08170000 - 0x00007ffc08270000 	C:\WINDOWS\system32\opengl32.dll
0x00007ffc068d0000 - 0x00007ffc068fd000 	C:\WINDOWS\SYSTEM32\GLU32.dll
0x00007ffc26e70000 - 0x00007ffc26ea7000 	C:\WINDOWS\SYSTEM32\dxcore.dll
0x00007ffc299f0000 - 0x00007ffc29a02000 	C:\WINDOWS\SYSTEM32\msasn1.dll
0x00007ffc210b0000 - 0x00007ffc210e2000 	C:\WINDOWS\SYSTEM32\cryptnet.dll
0x00007ffc2a0f0000 - 0x00007ffc2a256000 	C:\WINDOWS\System32\CRYPT32.dll
0x00007ffc20f40000 - 0x00007ffc210a2000 	C:\WINDOWS\SYSTEM32\drvstore.dll
0x00007ffc29db0000 - 0x00007ffc29ddc000 	C:\WINDOWS\SYSTEM32\devobj.dll
0x00007ffc29de0000 - 0x00007ffc29e2e000 	C:\WINDOWS\SYSTEM32\cfgmgr32.dll
0x00007ffc20e30000 - 0x00007ffc20e79000 	C:\WINDOWS\SYSTEM32\wldp.dll
0x00007ffc29900000 - 0x00007ffc2990c000 	C:\WINDOWS\SYSTEM32\cryptbase.dll
0x00007ffc2a6b0000 - 0x00007ffc2a71c000 	C:\WINDOWS\System32\wintrust.dll
0x00007ffc2cae0000 - 0x00007ffc2caff000 	C:\WINDOWS\System32\imagehlp.dll
0x00007ffc29950000 - 0x00007ffc2996b000 	C:\WINDOWS\SYSTEM32\CRYPTSP.dll
0x00007ffc28f60000 - 0x00007ffc28f95000 	C:\WINDOWS\system32\rsaenh.dll
0x00007ffc18ca0000 - 0x00007ffc1aebd000 	C:\WINDOWS\System32\DriverStore\FileRepository\nvdw.inf_amd64_e12f95efa09d23bc\nvgpucomp64.dll
0x00007ffc29620000 - 0x00007ffc29646000 	C:\WINDOWS\SYSTEM32\gpapi.dll
0x00007ffa648d0000 - 0x00007ffa64957000 	C:\Program Files\Java\jdk-23\bin\freetype.dll
0x00007ffa647f0000 - 0x00007ffa648c7000 	C:\Program Files\Java\jdk-23\bin\fontmanager.dll
0x00007ffc10470000 - 0x00007ffc105b5000 	C:\WINDOWS\SYSTEM32\textinputframework.dll
0x00007ffbe9d10000 - 0x00007ffbea159000 	C:\WINDOWS\SYSTEM32\uiautomationcore.dll
0x00007ffc0fcd0000 - 0x00007ffc0fd39000 	C:\WINDOWS\SYSTEM32\OLEACC.dll
0x00007ffc2be20000 - 0x00007ffc2bed0000 	C:\WINDOWS\System32\clbcatq.dll
0x00007ffc27460000 - 0x00007ffc27470000 	C:\Program Files\Java\jdk-23\bin\net.dll
0x00007ffc295b0000 - 0x00007ffc29619000 	C:\WINDOWS\system32\mswsock.dll
0x00007ffbf8b40000 - 0x00007ffbf8b56000 	C:\Program Files\Java\jdk-23\bin\nio.dll
0x00007ffc26820000 - 0x00007ffc26953000 	C:\WINDOWS\SYSTEM32\CoreMessaging.dll
0x00007ffc1bbc0000 - 0x00007ffc1bf2d000 	C:\WINDOWS\SYSTEM32\CoreUIComponents.dll

dbghelp: loaded successfully - version: 4.0.5 - missing functions: none
symbol engine: initialized successfully - sym options: 0x614 - pdb path: .;C:\Program Files\Java\jdk-23\bin;C:\WINDOWS\SYSTEM32;C:\WINDOWS\WinSxS\amd64_microsoft.windows.common-controls_6595b64144ccf1df_6.0.22621.4391_none_2715d37f73803e96;C:\Program Files\Java\jdk-23\bin\server;C:\WINDOWS\System32\DriverStore\FileRepository\nvdw.inf_amd64_e12f95efa09d23bc

VM Arguments:
java_command: edu.iastate.cs572.proj2.Checkers
java_class_path (initial): .
Launcher Type: SUN_STANDARD

[Global flags]
     intx CICompilerCount                          = 3                                         {product} {ergonomic}
     uint ConcGCThreads                            = 1                                         {product} {ergonomic}
     uint G1ConcRefinementThreads                  = 4                                         {product} {ergonomic}
   size_t G1HeapRegionSize                         = 4194304                                   {product} {ergonomic}
   size_t InitialHeapSize                          = 536870912                                 {product} {ergonomic}
   size_t MarkStackSize                            = 4194304                                   {product} {ergonomic}
   size_t MarkStackSizeMax                         = 536870912                                 {product} {ergonomic}
   size_t MaxHeapSize                              = 8539602944                                {product} {ergonomic}
   size_t MaxNewSize                               = 5121245184                                {product} {ergonomic}
   size_t MinHeapDeltaBytes                        = 4194304                                   {product} {ergonomic}
   size_t MinHeapSize                              = 8388608                                   {product} {ergonomic}
    uintx NonNMethodCodeHeapSize                   = 5832704                                {pd product} {ergonomic}
    uintx NonProfiledCodeHeapSize                  = 122945536                              {pd product} {ergonomic}
    uintx ProfiledCodeHeapSize                     = 122880000                              {pd product} {ergonomic}
    uintx ReservedCodeCacheSize                    = 251658240                              {pd product} {ergonomic}
     bool SegmentedCodeCache                       = true                                      {product} {ergonomic}
   size_t SoftMaxHeapSize                          = 8539602944                             {manageable} {ergonomic}
     bool UseCompressedOops                        = true                           {product lp64_product} {ergonomic}
     bool UseG1GC                                  = true                                      {product} {ergonomic}
     bool UseLargePagesIndividualAllocation        = false                                  {pd product} {ergonomic}

Logging:
Log output configuration:
 #0: stdout all=warning uptime,level,tags foldmultilines=false
 #1: stderr all=off uptime,level,tags foldmultilines=false

Environment Variables:
PATH=C:\Users\oguntoye\AppData\Local\anaconda3;C:\Users\oguntoye\AppData\Local\anaconda3\Library\mingw-w64\bin;C:\Users\oguntoye\AppData\Local\anaconda3\Library\usr\bin;C:\Users\oguntoye\AppData\Local\anaconda3\Library\bin;C:\Users\oguntoye\AppData\Local\anaconda3\Scripts;C:\Users\oguntoye\AppData\Local\anaconda3\bin;C:\Program Files\PowerShell\7;C:\Users\oguntoye\AppData\Local\anaconda3\condabin;C:\Program Files\Common Files\Oracle\Java\javapath;C:\WINDOWS\system32;C:\WINDOWS;C:\WINDOWS\System32\Wbem;C:\WINDOWS\System32\WindowsPowerShell\v1.0;C:\WINDOWS\System32\OpenSSH;C:\Program Files (x86)\Box\Box Edit;C:\Program Files\dotnet;C:\Program Files\MATLAB\R2024a\bin;C:\Program Files (x86)\Windows Kits\10\Windows Performance Toolkit;C:\Program Files (x86)\Microsoft SQL Server\160\DTS\Binn;C:\Program Files (x86)\Microsoft SQL Server\160\Tools\Binn;C:\Program Files\Microsoft SQL Server\160\Tools\Binn;C:\Program Files\Microsoft SQL Server\Client SDK\ODBC\170\Tools\Binn;C:\Program Files\Microsoft SQL Server\160\DTS\Binn;C:\Program Files\Docker\Docker\resources\bin;C:\Program Files\PowerShell\7;C:\Users\oguntoye\AppData\Local\anaconda3;C:\Users\oguntoye\AppData\Local\anaconda3\Scripts;C:\Users\oguntoye\AppData\Local\anaconda3\Library\bin;C:\Program Files\Common Files\Autodesk Shared;C:\Program Files\Microsoft SQL Server\150\Tools\Binn;C:\Users\oguntoye\AppData\Local\Microsoft\WindowsApps;C:\Users\oguntoye\.dotnet\tools;C:\Users\oguntoye\AppData\Local\Programs\Microsoft VS Code\bin
USERNAME=oguntoye
LANG=en_US.UTF-8
OS=Windows_NT
PROCESSOR_IDENTIFIER=Intel64 Family 6 Model 158 Stepping 10, GenuineIntel
TMP=C:\Users\oguntoye\AppData\Local\Temp
TEMP=C:\Users\oguntoye\AppData\Local\Temp




Periodic native trim disabled

---------------  S Y S T E M  ---------------

OS:
 Windows 11 , 64 bit Build 22621 (10.0.22621.4391)
OS uptime: 2 days 5:41 hours
Hyper-V role detected

CPU: total 4 (initial active 4) (4 cores per cpu, 1 threads per core) family 6 model 158 stepping 10 microcode 0xf4, cx8, cmov, fxsr, mmx, 3dnowpref, sse, sse2, sse3, ssse3, sse4.1, sse4.2, popcnt, lzcnt, tsc, tscinvbit, avx, avx2, aes, erms, clmul, bmi1, bmi2, rtm, adx, fma, vzeroupper, clflush, clflushopt, hv, rdtscp, f16c
Processor Information for the first 4 processors :
  Max Mhz: 3408, Current Mhz: 3408, Mhz Limit: 3408

Memory: 4k page, system-wide physical 32565M (821M free)
TotalPageFile size 106293M (AvailPageFile size 56763M)
current process WorkingSet (physical memory assigned to process): 62M, peak: 150M
current process commit charge ("private bytes"): 613M, peak: 652M

vm_info: Java HotSpot(TM) 64-Bit Server VM (23+37-2369) for windows-amd64 JRE (23+37-2369), built on 2024-08-20T16:01:23Z with MS VC++ 17.6 (VS2022)

END.
